Using pre-set license
Built from '2022.3/staging' branch; Version is '2022.3.22f1 (887be4894c44) revision 8944612'; Using compiler version '192829333'; Build Type 'Release'
OS: 'Windows 11  (10.0.26100) 64bit Core' Language: 'ko' Physical Memory: 32612 MB
BatchMode: 1, IsHumanControllingUs: 0, StartBugReporterOnCrash: 0, Is64bit: 1, IsPro: 1

COMMAND LINE ARGUMENTS:
C:\Program Files\Unity\Hub\Editor\2022.3.22f1\Editor\Unity.exe
-adb2
-batchMode
-noUpm
-name
AssetImportWorker3
-projectPath
C:/Users/songyerin/Documents/GitHub/2025KHUTON
-logFile
Logs/AssetImportWorker3.log
-srvPort
62436
Successfully changed project path to: C:/Users/songyerin/Documents/GitHub/2025KHUTON
C:/Users/songyerin/Documents/GitHub/2025KHUTON
[UnityMemory] Configuration Parameters - Can be set up in boot.config
    "memorysetup-bucket-allocator-granularity=16"
    "memorysetup-bucket-allocator-bucket-count=8"
    "memorysetup-bucket-allocator-block-size=33554432"
    "memorysetup-bucket-allocator-block-count=8"
    "memorysetup-main-allocator-block-size=16777216"
    "memorysetup-thread-allocator-block-size=16777216"
    "memorysetup-gfx-main-allocator-block-size=16777216"
    "memorysetup-gfx-thread-allocator-block-size=16777216"
    "memorysetup-cache-allocator-block-size=4194304"
    "memorysetup-typetree-allocator-block-size=2097152"
    "memorysetup-profiler-bucket-allocator-granularity=16"
    "memorysetup-profiler-bucket-allocator-bucket-count=8"
    "memorysetup-profiler-bucket-allocator-block-size=33554432"
    "memorysetup-profiler-bucket-allocator-block-count=8"
    "memorysetup-profiler-allocator-block-size=16777216"
    "memorysetup-profiler-editor-allocator-block-size=1048576"
    "memorysetup-temp-allocator-size-main=16777216"
    "memorysetup-job-temp-allocator-block-size=2097152"
    "memorysetup-job-temp-allocator-block-size-background=1048576"
    "memorysetup-job-temp-allocator-reduction-small-platforms=262144"
    "memorysetup-allocator-temp-initial-block-size-main=262144"
    "memorysetup-allocator-temp-initial-block-size-worker=262144"
    "memorysetup-temp-allocator-size-background-worker=32768"
    "memorysetup-temp-allocator-size-job-worker=262144"
    "memorysetup-temp-allocator-size-preload-manager=33554432"
    "memorysetup-temp-allocator-size-nav-mesh-worker=65536"
    "memorysetup-temp-allocator-size-audio-worker=65536"
    "memorysetup-temp-allocator-size-cloud-worker=32768"
    "memorysetup-temp-allocator-size-gi-baking-worker=262144"
    "memorysetup-temp-allocator-size-gfx=262144"
Player connection [17312] Host "[IP] 119.194.31.229 [Port] 0 [Flags] 2 [Guid] 22480386 [EditorId] 22480386 [Version] 1048832 [Id] WindowsEditor(7,DESKTOP-E6DIUDR) [Debug] 1 [PackageName] WindowsEditor [ProjectName] Editor" joined multi-casting on [225.0.0.222:54997]...

Player connection [17312] Host "[IP] 119.194.31.229 [Port] 0 [Flags] 2 [Guid] 22480386 [EditorId] 22480386 [Version] 1048832 [Id] WindowsEditor(7,DESKTOP-E6DIUDR) [Debug] 1 [PackageName] WindowsEditor [ProjectName] Editor" joined alternative multi-casting on [225.0.0.222:34997]...

[Physics::Module] Initialized MultithreadedJobDispatcher with 23 workers.
Refreshing native plugins compatible for Editor in 5.39 ms, found 3 plugins.
Preloading 0 native plugins for Editor in 0.00 ms.
Initialize engine version: 2022.3.22f1 (887be4894c44)
[Subsystems] Discovering subsystems at path C:/Program Files/Unity/Hub/Editor/2022.3.22f1/Editor/Data/Resources/UnitySubsystems
[Subsystems] Discovering subsystems at path C:/Users/songyerin/Documents/GitHub/2025KHUTON/Assets
GfxDevice: creating device client; threaded=0; jobified=0
Direct3D:
    Version:  Direct3D 11.0 [level 11.1]
    Renderer: NVIDIA GeForce RTX 4060 Ti (ID=0x2803)
    Vendor:   NVIDIA
    VRAM:     7949 MB
    Driver:   32.0.15.6094
Initialize mono
Mono path[0] = 'C:/Program Files/Unity/Hub/Editor/2022.3.22f1/Editor/Data/Managed'
Mono path[1] = 'C:/Program Files/Unity/Hub/Editor/2022.3.22f1/Editor/Data/MonoBleedingEdge/lib/mono/unityjit-win32'
Mono config path = 'C:/Program Files/Unity/Hub/Editor/2022.3.22f1/Editor/Data/MonoBleedingEdge/etc'
Using monoOptions --debugger-agent=transport=dt_socket,embedding=1,server=y,suspend=n,address=127.0.0.1:56652
Begin MonoManager ReloadAssembly
Registering precompiled unity dll's ...
Register platform support module: C:/Program Files/Unity/Hub/Editor/2022.3.22f1/Editor/Data/PlaybackEngines/WindowsStandaloneSupport/UnityEditor.WindowsStandalone.Extensions.dll
Register platform support module: C:/Program Files/Unity/Hub/Editor/2022.3.22f1/Editor/Data/PlaybackEngines/MetroSupport/UnityEditor.UWP.Extensions.dll
Registered in 0.004518 seconds.
- Loaded All Assemblies, in  0.294 seconds
Native extension for UWP target not found
Native extension for WindowsStandalone target not found
Mono: successfully reloaded assembly
- Finished resetting the current domain, in  0.233 seconds
Domain Reload Profiling: 526ms
	BeginReloadAssembly (86ms)
		ExecutionOrderSort (0ms)
		DisableScriptedObjects (0ms)
		BackupInstance (0ms)
		ReleaseScriptingObjects (0ms)
		CreateAndSetChildDomain (1ms)
	RebuildCommonClasses (23ms)
	RebuildNativeTypeToScriptingClass (8ms)
	initialDomainReloadingComplete (47ms)
	LoadAllAssembliesAndSetupDomain (128ms)
		LoadAssemblies (84ms)
		RebuildTransferFunctionScriptingTraits (0ms)
		AnalyzeDomain (126ms)
			TypeCache.Refresh (125ms)
				TypeCache.ScanAssembly (110ms)
			ScanForSourceGeneratedMonoScriptInfo (0ms)
			ResolveRequiredComponents (0ms)
	FinalizeReload (233ms)
		ReleaseScriptCaches (0ms)
		RebuildScriptCaches (0ms)
		SetupLoadedEditorAssemblies (187ms)
			LogAssemblyErrors (0ms)
			InitializePlatformSupportModulesInManaged (6ms)
			SetLoadedEditorAssemblies (5ms)
			RefreshPlugins (0ms)
			BeforeProcessingInitializeOnLoad (2ms)
			ProcessInitializeOnLoadAttributes (126ms)
			ProcessInitializeOnLoadMethodAttributes (48ms)
			AfterProcessingInitializeOnLoad (0ms)
			EditorAssembliesLoaded (0ms)
		ExecutionOrderSort2 (0ms)
		AwakeInstancesAfterBackupRestoration (0ms)
========================================================================
Worker process is ready to serve import requests
Begin MonoManager ReloadAssembly
- Loaded All Assemblies, in  0.362 seconds
Refreshing native plugins compatible for Editor in 2.00 ms, found 3 plugins.
Native extension for UWP target not found
Native extension for WindowsStandalone target not found
Mono: successfully reloaded assembly
- Finished resetting the current domain, in  0.321 seconds
Domain Reload Profiling: 682ms
	BeginReloadAssembly (86ms)
		ExecutionOrderSort (0ms)
		DisableScriptedObjects (3ms)
		BackupInstance (0ms)
		ReleaseScriptingObjects (0ms)
		CreateAndSetChildDomain (12ms)
	RebuildCommonClasses (20ms)
	RebuildNativeTypeToScriptingClass (7ms)
	initialDomainReloadingComplete (26ms)
	LoadAllAssembliesAndSetupDomain (222ms)
		LoadAssemblies (169ms)
		RebuildTransferFunctionScriptingTraits (0ms)
		AnalyzeDomain (101ms)
			TypeCache.Refresh (89ms)
				TypeCache.ScanAssembly (81ms)
			ScanForSourceGeneratedMonoScriptInfo (8ms)
			ResolveRequiredComponents (3ms)
	FinalizeReload (321ms)
		ReleaseScriptCaches (0ms)
		RebuildScriptCaches (0ms)
		SetupLoadedEditorAssemblies (238ms)
			LogAssemblyErrors (0ms)
			InitializePlatformSupportModulesInManaged (4ms)
			SetLoadedEditorAssemblies (2ms)
			RefreshPlugins (0ms)
			BeforeProcessingInitializeOnLoad (32ms)
			ProcessInitializeOnLoadAttributes (184ms)
			ProcessInitializeOnLoadMethodAttributes (12ms)
			AfterProcessingInitializeOnLoad (3ms)
			EditorAssembliesLoaded (0ms)
		ExecutionOrderSort2 (0ms)
		AwakeInstancesAfterBackupRestoration (5ms)
Launched and connected shader compiler UnityShaderCompiler.exe after 0.03 seconds
Refreshing native plugins compatible for Editor in 1.94 ms, found 3 plugins.
Preloading 0 native plugins for Editor in 0.00 ms.
Unloading 3135 Unused Serialized files (Serialized files now loaded: 0)
Unloading 33 unused Assets / (57.0 KB). Loaded Objects now: 3596.
Memory consumption went from 125.1 MB to 125.0 MB.
Total: 1.925800 ms (FindLiveObjects: 0.131000 ms CreateObjectMapping: 0.034600 ms MarkObjects: 1.688300 ms  DeleteObjects: 0.071100 ms)

AssetImportParameters requested are different than current active one (requested -> active):
  custom:container-demuxer-ogg: 62fdf1f143b41e24485cea50d1cbac27 -> 
  custom:video-codec-MediaFoundation-h265: 746d11721c4dcdbdad8f713fa42b33f4 -> 
  custom:video-decoder-ogg-theora: a1e56fd34408186e4bbccfd4996cb3dc -> 
  custom:framework-win-MediaFoundation: 216162199b28c13a410421893ffa2e32 -> 
  custom:CustomObjectIndexerAttribute: 9a22284fe3817be447336de3de66b15e -> 
  custom:container-demuxer-webm: 4f35f7cbe854078d1ac9338744f61a02 -> 
  custom:container-muxer-webm: aa71ff27fc2769a1b78a27578f13a17b -> 
  custom:video-decoder-webm-vp8: 9c59270c3fd7afecdb556c50c9e8de78 -> 
  custom:SearchIndexIgnoredProperties: e643bd26f0fe6173181afceb89e7c659 -> 
  custom:AudioImporter_EditorPlatform: d09bf68614088b80899f8185d706f6e7 -> 
  custom:video-encoder-webm-vp8: eb34c28f22e8b96e1ab97ce403110664 -> 
  custom:audio-decoder-ogg-vorbis: bf7c407c2cedff20999df2af8eb42d56 -> 
  custom:audio-encoder-webm-vorbis: bf7c407c2cedff20999df2af8eb42d56 -> 
========================================================================
Received Import Request.
  Time since last request: 969828.210750 seconds.
  path: Assets/CultureSeoulStation284/Materials/MI_DecorativeGlass.mat
  artifactKey: Guid(abc00000000004226467994423914644) Importer(815301076,1909f56bfc062723c751e8b465ee728b)
Start importing Assets/CultureSeoulStation284/Materials/MI_DecorativeGlass.mat using Guid(abc00000000004226467994423914644) Importer(815301076,1909f56bfc062723c751e8b465ee728b)  -> (artifact id: '6cdc37b650da07611169a73e3a578210') in 0.085243 seconds
Number of updated asset objects reloaded before import = 0
Number of asset objects unloaded after import = 1
========================================================================
Received Import Request.
  Time since last request: 0.000047 seconds.
  path: Assets/CultureSeoulStation284/Materials/MI_Paint_3.mat
  artifactKey: Guid(abc00000000005924395232396464551) Importer(815301076,1909f56bfc062723c751e8b465ee728b)
Start importing Assets/CultureSeoulStation284/Materials/MI_Paint_3.mat using Guid(abc00000000005924395232396464551) Importer(815301076,1909f56bfc062723c751e8b465ee728b)  -> (artifact id: '9d8c1e779980984ff8a1bb0c4a4517f5') in 0.040733 seconds
Number of updated asset objects reloaded before import = 0
Number of asset objects unloaded after import = 4
========================================================================
Received Import Request.
  Time since last request: 0.000031 seconds.
  path: Assets/CultureSeoulStation284/Materials/MI_GoldPattern_1.mat
  artifactKey: Guid(abc00000000002298685920176201443) Importer(815301076,1909f56bfc062723c751e8b465ee728b)
Start importing Assets/CultureSeoulStation284/Materials/MI_GoldPattern_1.mat using Guid(abc00000000002298685920176201443) Importer(815301076,1909f56bfc062723c751e8b465ee728b)  -> (artifact id: '16073a9d4ff92ed34619dd66b90af40e') in 0.052467 seconds
Number of updated asset objects reloaded before import = 0
Number of asset objects unloaded after import = 5
========================================================================
Received Import Request.
  Time since last request: 0.000017 seconds.
  path: Assets/CultureSeoulStation284/Materials/MI_GreenRoof_2.mat
  artifactKey: Guid(abc00000000012612313066913617485) Importer(815301076,1909f56bfc062723c751e8b465ee728b)
Start importing Assets/CultureSeoulStation284/Materials/MI_GreenRoof_2.mat using Guid(abc00000000012612313066913617485) Importer(815301076,1909f56bfc062723c751e8b465ee728b)  -> (artifact id: '4b6047d2612eb7de7fadb1a808278fec') in 0.033856 seconds
Number of updated asset objects reloaded before import = 0
Number of asset objects unloaded after import = 9
========================================================================
Received Import Request.
  Time since last request: 2.544223 seconds.
  path: Assets/CultureSeoulStation284/Materials/MI_Roof_Window_1.mat
  artifactKey: Guid(abc00000000013987175471292006101) Importer(815301076,1909f56bfc062723c751e8b465ee728b)
Start importing Assets/CultureSeoulStation284/Materials/MI_Roof_Window_1.mat using Guid(abc00000000013987175471292006101) Importer(815301076,1909f56bfc062723c751e8b465ee728b)  -> (artifact id: '482200020d1b46bf612e2ccabd100c38') in 0.035926 seconds
Number of updated asset objects reloaded before import = 0
Number of asset objects unloaded after import = 3
========================================================================
Received Import Request.
  Time since last request: 0.000034 seconds.
  path: Assets/CultureSeoulStation284/Materials/MI_Tile_1.mat
  artifactKey: Guid(abc00000000015338370558956398248) Importer(815301076,1909f56bfc062723c751e8b465ee728b)
Start importing Assets/CultureSeoulStation284/Materials/MI_Tile_1.mat using Guid(abc00000000015338370558956398248) Importer(815301076,1909f56bfc062723c751e8b465ee728b)  -> (artifact id: '5c9ffbeeb6697f2e16a02a81829b339c') in 0.104323 seconds
Number of updated asset objects reloaded before import = 0
Number of asset objects unloaded after import = 5
========================================================================
Received Import Request.
  Time since last request: 0.000065 seconds.
  path: Assets/CultureSeoulStation284/Materials/MI_StainGlass_1.mat
  artifactKey: Guid(abc00000000014697776411584353028) Importer(815301076,1909f56bfc062723c751e8b465ee728b)
Start importing Assets/CultureSeoulStation284/Materials/MI_StainGlass_1.mat using Guid(abc00000000014697776411584353028) Importer(815301076,1909f56bfc062723c751e8b465ee728b)  -> (artifact id: '174bc09fae76db26b0dcaf7d9ba2d7fe') in 0.029399 seconds
Number of updated asset objects reloaded before import = 0
Number of asset objects unloaded after import = 3
========================================================================
Received Import Request.
  Time since last request: 0.180529 seconds.
  path: Assets/CultureSeoulStation284/Materials/MI_Tile_10.mat
  artifactKey: Guid(abc00000000002190294230594023189) Importer(815301076,1909f56bfc062723c751e8b465ee728b)
Start importing Assets/CultureSeoulStation284/Materials/MI_Tile_10.mat using Guid(abc00000000002190294230594023189) Importer(815301076,1909f56bfc062723c751e8b465ee728b)  -> (artifact id: 'dbf22e2aaedaa91e48798abce2574195') in 0.022415 seconds
Number of updated asset objects reloaded before import = 0
Number of asset objects unloaded after import = 5
========================================================================
Received Import Request.
  Time since last request: 0.000022 seconds.
  path: Assets/CultureSeoulStation284/Materials/MI_Wood_Pattern_1.mat
  artifactKey: Guid(abc00000000005991785599400768134) Importer(815301076,1909f56bfc062723c751e8b465ee728b)
Start importing Assets/CultureSeoulStation284/Materials/MI_Wood_Pattern_1.mat using Guid(abc00000000005991785599400768134) Importer(815301076,1909f56bfc062723c751e8b465ee728b)  -> (artifact id: 'a3e249a92d29b9fdc046750bfe60e85f') in 0.038280 seconds
Number of updated asset objects reloaded before import = 0
Number of asset objects unloaded after import = 5
========================================================================
Received Import Request.
  Time since last request: 0.000051 seconds.
  path: Assets/CultureSeoulStation284/Materials/MI_Wood.mat
  artifactKey: Guid(abc00000000001669926390000195861) Importer(815301076,1909f56bfc062723c751e8b465ee728b)
Start importing Assets/CultureSeoulStation284/Materials/MI_Wood.mat using Guid(abc00000000001669926390000195861) Importer(815301076,1909f56bfc062723c751e8b465ee728b)  -> (artifact id: '3d9158b6363bb58bafc5dc3f96c4d9f0') in 0.065917 seconds
Number of updated asset objects reloaded before import = 0
Number of asset objects unloaded after import = 5
Editor requested this worker to shutdown with reason: Scaling down because of idle timeout
TcpMessagingSession - receive error: operation aborted. errorcode: 995, details: 스레드 종료 또는 응용 프로그램 요청 때문에 I/O 작업이 취소되었습니다.
AssetImportWorker is now disconnected from the server
Process exiting
Exiting without the bug reporter. Application will terminate with return code 0