Using pre-set license
Built from '2022.3/staging' branch; Version is '2022.3.22f1 (887be4894c44) revision 8944612'; Using compiler version '192829333'; Build Type 'Release'
OS: 'Windows 10  (10.0.19045) 64bit Professional' Language: 'ko' Physical Memory: 15557 MB
BatchMode: 1, IsHumanControllingUs: 0, StartBugReporterOnCrash: 0, Is64bit: 1, IsPro: 1

COMMAND LINE ARGUMENTS:
C:\Program Files\Unity\Hub\Editor\2022.3.22f1\Editor\Unity.exe
-adb2
-batchMode
-noUpm
-name
AssetImportWorker1
-projectPath
C:/Users/kimsueun/Documents/GitHub/2025KHUTON
-logFile
Logs/AssetImportWorker1.log
-srvPort
52748
Successfully changed project path to: C:/Users/kimsueun/Documents/GitHub/2025KHUTON
C:/Users/kimsueun/Documents/GitHub/2025KHUTON
[UnityMemory] Configuration Parameters - Can be set up in boot.config
    "memorysetup-bucket-allocator-granularity=16"
    "memorysetup-bucket-allocator-bucket-count=8"
    "memorysetup-bucket-allocator-block-size=33554432"
    "memorysetup-bucket-allocator-block-count=8"
    "memorysetup-main-allocator-block-size=16777216"
    "memorysetup-thread-allocator-block-size=16777216"
    "memorysetup-gfx-main-allocator-block-size=16777216"
    "memorysetup-gfx-thread-allocator-block-size=16777216"
    "memorysetup-cache-allocator-block-size=4194304"
    "memorysetup-typetree-allocator-block-size=2097152"
    "memorysetup-profiler-bucket-allocator-granularity=16"
    "memorysetup-profiler-bucket-allocator-bucket-count=8"
    "memorysetup-profiler-bucket-allocator-block-size=33554432"
    "memorysetup-profiler-bucket-allocator-block-count=8"
    "memorysetup-profiler-allocator-block-size=16777216"
    "memorysetup-profiler-editor-allocator-block-size=1048576"
    "memorysetup-temp-allocator-size-main=16777216"
    "memorysetup-job-temp-allocator-block-size=2097152"
    "memorysetup-job-temp-allocator-block-size-background=1048576"
    "memorysetup-job-temp-allocator-reduction-small-platforms=262144"
    "memorysetup-allocator-temp-initial-block-size-main=262144"
    "memorysetup-allocator-temp-initial-block-size-worker=262144"
    "memorysetup-temp-allocator-size-background-worker=32768"
    "memorysetup-temp-allocator-size-job-worker=262144"
    "memorysetup-temp-allocator-size-preload-manager=33554432"
    "memorysetup-temp-allocator-size-nav-mesh-worker=65536"
    "memorysetup-temp-allocator-size-audio-worker=65536"
    "memorysetup-temp-allocator-size-cloud-worker=32768"
    "memorysetup-temp-allocator-size-gi-baking-worker=262144"
    "memorysetup-temp-allocator-size-gfx=262144"
Player connection [8604] Host "[IP] 26.34.84.42 [Port] 0 [Flags] 2 [Guid] 1693527928 [EditorId] 1693527928 [Version] 1048832 [Id] WindowsEditor(7,DESKTOP-RJ9HUF7) [Debug] 1 [PackageName] WindowsEditor [ProjectName] Editor" joined multi-casting on [225.0.0.222:54997]...

Player connection [8604] Host "[IP] 26.34.84.42 [Port] 0 [Flags] 2 [Guid] 1693527928 [EditorId] 1693527928 [Version] 1048832 [Id] WindowsEditor(7,DESKTOP-RJ9HUF7) [Debug] 1 [PackageName] WindowsEditor [ProjectName] Editor" joined alternative multi-casting on [225.0.0.222:34997]...

[Physics::Module] Initialized MultithreadedJobDispatcher with 15 workers.
Refreshing native plugins compatible for Editor in 300.39 ms, found 3 plugins.
Preloading 0 native plugins for Editor in 0.00 ms.
Initialize engine version: 2022.3.22f1 (887be4894c44)
[Subsystems] Discovering subsystems at path C:/Program Files/Unity/Hub/Editor/2022.3.22f1/Editor/Data/Resources/UnitySubsystems
[Subsystems] Discovering subsystems at path C:/Users/kimsueun/Documents/GitHub/2025KHUTON/Assets
GfxDevice: creating device client; threaded=0; jobified=0
Direct3D:
    Version:  Direct3D 11.0 [level 11.1]
    Renderer: NVIDIA GeForce RTX 3060 Laptop GPU (ID=0x2560)
    Vendor:   NVIDIA
    VRAM:     5996 MB
    Driver:   31.0.15.5178
Initialize mono
Mono path[0] = 'C:/Program Files/Unity/Hub/Editor/2022.3.22f1/Editor/Data/Managed'
Mono path[1] = 'C:/Program Files/Unity/Hub/Editor/2022.3.22f1/Editor/Data/MonoBleedingEdge/lib/mono/unityjit-win32'
Mono config path = 'C:/Program Files/Unity/Hub/Editor/2022.3.22f1/Editor/Data/MonoBleedingEdge/etc'
Using monoOptions --debugger-agent=transport=dt_socket,embedding=1,server=y,suspend=n,address=127.0.0.1:56860
Begin MonoManager ReloadAssembly
Registering precompiled unity dll's ...
Register platform support module: C:/Program Files/Unity/Hub/Editor/2022.3.22f1/Editor/Data/PlaybackEngines/WindowsStandaloneSupport/UnityEditor.WindowsStandalone.Extensions.dll
Registered in 0.025987 seconds.
- Loaded All Assemblies, in  0.783 seconds
Native extension for WindowsStandalone target not found
Mono: successfully reloaded assembly
- Finished resetting the current domain, in  0.607 seconds
Domain Reload Profiling: 1386ms
	BeginReloadAssembly (247ms)
		ExecutionOrderSort (0ms)
		DisableScriptedObjects (0ms)
		BackupInstance (0ms)
		ReleaseScriptingObjects (0ms)
		CreateAndSetChildDomain (1ms)
	RebuildCommonClasses (82ms)
	RebuildNativeTypeToScriptingClass (23ms)
	initialDomainReloadingComplete (141ms)
	LoadAllAssembliesAndSetupDomain (285ms)
		LoadAssemblies (240ms)
		RebuildTransferFunctionScriptingTraits (0ms)
		AnalyzeDomain (281ms)
			TypeCache.Refresh (279ms)
				TypeCache.ScanAssembly (255ms)
			ScanForSourceGeneratedMonoScriptInfo (1ms)
			ResolveRequiredComponents (1ms)
	FinalizeReload (608ms)
		ReleaseScriptCaches (0ms)
		RebuildScriptCaches (0ms)
		SetupLoadedEditorAssemblies (479ms)
			LogAssemblyErrors (0ms)
			InitializePlatformSupportModulesInManaged (20ms)
			SetLoadedEditorAssemblies (12ms)
			RefreshPlugins (0ms)
			BeforeProcessingInitializeOnLoad (5ms)
			ProcessInitializeOnLoadAttributes (317ms)
			ProcessInitializeOnLoadMethodAttributes (124ms)
			AfterProcessingInitializeOnLoad (0ms)
			EditorAssembliesLoaded (0ms)
		ExecutionOrderSort2 (0ms)
		AwakeInstancesAfterBackupRestoration (0ms)
========================================================================
Worker process is ready to serve import requests
Begin MonoManager ReloadAssembly
- Loaded All Assemblies, in  1.398 seconds
Refreshing native plugins compatible for Editor in 9.61 ms, found 3 plugins.
Native extension for WindowsStandalone target not found
Mono: successfully reloaded assembly
- Finished resetting the current domain, in  1.217 seconds
Domain Reload Profiling: 2604ms
	BeginReloadAssembly (339ms)
		ExecutionOrderSort (0ms)
		DisableScriptedObjects (12ms)
		BackupInstance (0ms)
		ReleaseScriptingObjects (0ms)
		CreateAndSetChildDomain (35ms)
	RebuildCommonClasses (76ms)
	RebuildNativeTypeToScriptingClass (27ms)
	initialDomainReloadingComplete (97ms)
	LoadAllAssembliesAndSetupDomain (847ms)
		LoadAssemblies (678ms)
		RebuildTransferFunctionScriptingTraits (0ms)
		AnalyzeDomain (379ms)
			TypeCache.Refresh (334ms)
				TypeCache.ScanAssembly (305ms)
			ScanForSourceGeneratedMonoScriptInfo (31ms)
			ResolveRequiredComponents (10ms)
	FinalizeReload (1218ms)
		ReleaseScriptCaches (0ms)
		RebuildScriptCaches (0ms)
		SetupLoadedEditorAssemblies (885ms)
			LogAssemblyErrors (0ms)
			InitializePlatformSupportModulesInManaged (18ms)
			SetLoadedEditorAssemblies (5ms)
			RefreshPlugins (0ms)
			BeforeProcessingInitializeOnLoad (136ms)
			ProcessInitializeOnLoadAttributes (652ms)
			ProcessInitializeOnLoadMethodAttributes (49ms)
			AfterProcessingInitializeOnLoad (24ms)
			EditorAssembliesLoaded (0ms)
		ExecutionOrderSort2 (0ms)
		AwakeInstancesAfterBackupRestoration (36ms)
Launched and connected shader compiler UnityShaderCompiler.exe after 0.10 seconds
Refreshing native plugins compatible for Editor in 6.54 ms, found 3 plugins.
Preloading 0 native plugins for Editor in 0.00 ms.
Unloading 3135 Unused Serialized files (Serialized files now loaded: 0)
Unloading 33 unused Assets / (56.9 KB). Loaded Objects now: 3596.
Memory consumption went from 124.5 MB to 124.4 MB.
Total: 6.852500 ms (FindLiveObjects: 0.525700 ms CreateObjectMapping: 0.345200 ms MarkObjects: 5.831400 ms  DeleteObjects: 0.148800 ms)

AssetImportParameters requested are different than current active one (requested -> active):
  custom:container-demuxer-ogg: 62fdf1f143b41e24485cea50d1cbac27 -> 
  custom:video-decoder-ogg-theora: a1e56fd34408186e4bbccfd4996cb3dc -> 
  custom:framework-win-MediaFoundation: 216162199b28c13a410421893ffa2e32 -> 
  custom:CustomObjectIndexerAttribute: 9a22284fe3817be447336de3de66b15e -> 
  custom:container-demuxer-webm: 4f35f7cbe854078d1ac9338744f61a02 -> 
  custom:container-muxer-webm: aa71ff27fc2769a1b78a27578f13a17b -> 
  custom:video-decoder-webm-vp8: 9c59270c3fd7afecdb556c50c9e8de78 -> 
  custom:SearchIndexIgnoredProperties: e643bd26f0fe6173181afceb89e7c659 -> 
  custom:AudioImporter_EditorPlatform: d09bf68614088b80899f8185d706f6e7 -> 
  custom:video-encoder-webm-vp8: eb34c28f22e8b96e1ab97ce403110664 -> 
  custom:audio-decoder-ogg-vorbis: bf7c407c2cedff20999df2af8eb42d56 -> 
  custom:audio-encoder-webm-vorbis: bf7c407c2cedff20999df2af8eb42d56 -> 
========================================================================
Received Import Request.
  Time since last request: 1661.864896 seconds.
  path: Assets/hintze-hall
  artifactKey: Guid(8fab9b775bb2ab9428c622cd9eea4c62) Importer(815301076,1909f56bfc062723c751e8b465ee728b)
Start importing Assets/hintze-hall using Guid(8fab9b775bb2ab9428c622cd9eea4c62) Importer(815301076,1909f56bfc062723c751e8b465ee728b)  -> (artifact id: '558b819a200a6dc8076a0d7229779d9a') in 0.004721 seconds
Number of updated asset objects reloaded before import = 0
Number of asset objects unloaded after import = 0
========================================================================
Received Import Request.
  Time since last request: 4.981579 seconds.
  path: Assets/hintze-hall/source/NHMHintzeHall01/NHMHintzeHall02_Model_9_u1_v1_diffuse.jpg
  artifactKey: Guid(27014da4aafb01745844e22583c93451) Importer(815301076,1909f56bfc062723c751e8b465ee728b)
Start importing Assets/hintze-hall/source/NHMHintzeHall01/NHMHintzeHall02_Model_9_u1_v1_diffuse.jpg using Guid(27014da4aafb01745844e22583c93451) Importer(815301076,1909f56bfc062723c751e8b465ee728b)  -> (artifact id: '9fa8d40022564e070768b07ec8d459d7') in 0.158714 seconds
Number of updated asset objects reloaded before import = 0
Number of asset objects unloaded after import = 2
========================================================================
Received Import Request.
  Time since last request: 0.000030 seconds.
  path: Assets/hintze-hall/source/NHMHintzeHall01/NHMHintzeHall02_Model_9_u2_v1_diffuse.jpg
  artifactKey: Guid(2303e9c81f6b1e64c881d7f7fdaef79b) Importer(815301076,1909f56bfc062723c751e8b465ee728b)
Start importing Assets/hintze-hall/source/NHMHintzeHall01/NHMHintzeHall02_Model_9_u2_v1_diffuse.jpg using Guid(2303e9c81f6b1e64c881d7f7fdaef79b) Importer(815301076,1909f56bfc062723c751e8b465ee728b)  -> (artifact id: 'a8a595f50b5ac287e3b232527ffe9e5d') in 0.032077 seconds
Number of updated asset objects reloaded before import = 0
Number of asset objects unloaded after import = 2
========================================================================
Received Import Request.
  Time since last request: 139.481844 seconds.
  path: Assets/hintze-hall/textures/NHMHintzeHall02_Model_9_u2_v1_diffuse.jpeg
  artifactKey: Guid(1c149f24e0b377646ad5e3934fb878e5) Importer(815301076,1909f56bfc062723c751e8b465ee728b)
Start importing Assets/hintze-hall/textures/NHMHintzeHall02_Model_9_u2_v1_diffuse.jpeg using Guid(1c149f24e0b377646ad5e3934fb878e5) Importer(815301076,1909f56bfc062723c751e8b465ee728b)  -> (artifact id: 'de48ced3c67b22fb045fc5b082898fcc') in 0.028445 seconds
Number of updated asset objects reloaded before import = 0
Number of asset objects unloaded after import = 2
========================================================================
Received Import Request.
  Time since last request: 0.000077 seconds.
  path: Assets/CultureSeoulStation284/Textures/T_BlackSteel_R.png
  artifactKey: Guid(abc00000000012154842261703510080) Importer(815301076,1909f56bfc062723c751e8b465ee728b)
Start importing Assets/CultureSeoulStation284/Textures/T_BlackSteel_R.png using Guid(abc00000000012154842261703510080) Importer(815301076,1909f56bfc062723c751e8b465ee728b)  -> (artifact id: 'e171b675e3832757d117f2d023cbbbb6') in 0.037549 seconds
Number of updated asset objects reloaded before import = 0
Number of asset objects unloaded after import = 2
========================================================================
Received Import Request.
  Time since last request: 0.000025 seconds.
  path: Assets/CultureSeoulStation284/Textures/T_Brick_BC.png
  artifactKey: Guid(abc00000000008206279670751350838) Importer(815301076,1909f56bfc062723c751e8b465ee728b)
Start importing Assets/CultureSeoulStation284/Textures/T_Brick_BC.png using Guid(abc00000000008206279670751350838) Importer(815301076,1909f56bfc062723c751e8b465ee728b)  -> (artifact id: '296b0298ea72577fc2b340471da47354') in 0.048036 seconds
Number of updated asset objects reloaded before import = 0
Number of asset objects unloaded after import = 2
========================================================================
Received Import Request.
  Time since last request: 0.000030 seconds.
  path: Assets/CultureSeoulStation284/Textures/T_Clock_BC.png
  artifactKey: Guid(abc00000000009939745327810039795) Importer(815301076,1909f56bfc062723c751e8b465ee728b)
Start importing Assets/CultureSeoulStation284/Textures/T_Clock_BC.png using Guid(abc00000000009939745327810039795) Importer(815301076,1909f56bfc062723c751e8b465ee728b)  -> (artifact id: '10df0ae871acda49e23dd7c4882b6a2c') in 0.034832 seconds
Number of updated asset objects reloaded before import = 0
Number of asset objects unloaded after import = 2
========================================================================
Received Import Request.
  Time since last request: 0.000020 seconds.
  path: Assets/CultureSeoulStation284/Textures/T_Brass_2_PatternTile_R.png
  artifactKey: Guid(abc00000000005074641874496205415) Importer(815301076,1909f56bfc062723c751e8b465ee728b)
Start importing Assets/CultureSeoulStation284/Textures/T_Brass_2_PatternTile_R.png using Guid(abc00000000005074641874496205415) Importer(815301076,1909f56bfc062723c751e8b465ee728b)  -> (artifact id: '9a90520e60ed981629aeaad809367ace') in 0.074284 seconds
Number of updated asset objects reloaded before import = 0
Number of asset objects unloaded after import = 2
========================================================================
Received Import Request.
  Time since last request: 0.000037 seconds.
  path: Assets/CultureSeoulStation284/Textures/T_Carpet_BC.png
  artifactKey: Guid(abc00000000009402090349686371500) Importer(815301076,1909f56bfc062723c751e8b465ee728b)
Start importing Assets/CultureSeoulStation284/Textures/T_Carpet_BC.png using Guid(abc00000000009402090349686371500) Importer(815301076,1909f56bfc062723c751e8b465ee728b)  -> (artifact id: 'a4d6a00b9e52634b13eea88672062ed7') in 0.042900 seconds
Number of updated asset objects reloaded before import = 0
Number of asset objects unloaded after import = 2
========================================================================
Received Import Request.
  Time since last request: 0.000033 seconds.
  path: Assets/CultureSeoulStation284/Textures/T_BlackSteel_N.png
  artifactKey: Guid(abc00000000005799268756644460436) Importer(815301076,1909f56bfc062723c751e8b465ee728b)
Start importing Assets/CultureSeoulStation284/Textures/T_BlackSteel_N.png using Guid(abc00000000005799268756644460436) Importer(815301076,1909f56bfc062723c751e8b465ee728b)  -> (artifact id: '30edd77b31bf390c699fe9982df6c909') in 0.080184 seconds
Number of updated asset objects reloaded before import = 0
Number of asset objects unloaded after import = 2
========================================================================
Received Import Request.
  Time since last request: 0.000025 seconds.
  path: Assets/CultureSeoulStation284/Textures/T_Brass_1__Scratch_1_R.png
  artifactKey: Guid(abc00000000007860179081926474989) Importer(815301076,1909f56bfc062723c751e8b465ee728b)
Start importing Assets/CultureSeoulStation284/Textures/T_Brass_1__Scratch_1_R.png using Guid(abc00000000007860179081926474989) Importer(815301076,1909f56bfc062723c751e8b465ee728b)  -> (artifact id: 'e4ef2a208f5cde32bf1417a32a3a574b') in 0.030518 seconds
Number of updated asset objects reloaded before import = 0
Number of asset objects unloaded after import = 2
========================================================================
Received Import Request.
  Time since last request: 0.000037 seconds.
  path: Assets/CultureSeoulStation284/Textures/T_Basement_Fence_N.png
  artifactKey: Guid(abc00000000008969676075606791153) Importer(815301076,1909f56bfc062723c751e8b465ee728b)
Start importing Assets/CultureSeoulStation284/Textures/T_Basement_Fence_N.png using Guid(abc00000000008969676075606791153) Importer(815301076,1909f56bfc062723c751e8b465ee728b)  -> (artifact id: 'd8de396d094c8b6912144b4d3108f4da') in 0.036332 seconds
Number of updated asset objects reloaded before import = 0
Number of asset objects unloaded after import = 2
========================================================================
Received Import Request.
  Time since last request: 0.000021 seconds.
  path: Assets/CultureSeoulStation284/Textures/T_Concrete_7_AO.png
  artifactKey: Guid(abc00000000003674905200545496533) Importer(815301076,1909f56bfc062723c751e8b465ee728b)
Start importing Assets/CultureSeoulStation284/Textures/T_Concrete_7_AO.png using Guid(abc00000000003674905200545496533) Importer(815301076,1909f56bfc062723c751e8b465ee728b)  -> (artifact id: '4b34ffc6ce9ef867f4b1168d05901f42') in 0.071041 seconds
Number of updated asset objects reloaded before import = 0
Number of asset objects unloaded after import = 2
========================================================================
Received Import Request.
  Time since last request: 0.000023 seconds.
  path: Assets/CultureSeoulStation284/Textures/T_BlackSteel_BC.png
  artifactKey: Guid(abc00000000017496224975273933795) Importer(815301076,1909f56bfc062723c751e8b465ee728b)
Start importing Assets/CultureSeoulStation284/Textures/T_BlackSteel_BC.png using Guid(abc00000000017496224975273933795) Importer(815301076,1909f56bfc062723c751e8b465ee728b)  -> (artifact id: '02810178b1935d0ff27e02042d12478a') in 0.032544 seconds
Number of updated asset objects reloaded before import = 0
Number of asset objects unloaded after import = 2
========================================================================
Received Import Request.
  Time since last request: 0.000042 seconds.
  path: Assets/CultureSeoulStation284/Textures/T_Brick_AORD.png
  artifactKey: Guid(abc00000000010568949207021017715) Importer(815301076,1909f56bfc062723c751e8b465ee728b)
Start importing Assets/CultureSeoulStation284/Textures/T_Brick_AORD.png using Guid(abc00000000010568949207021017715) Importer(815301076,1909f56bfc062723c751e8b465ee728b)  -> (artifact id: '0ac7c657a7e0b5ff448a314319a36c66') in 0.042772 seconds
Number of updated asset objects reloaded before import = 0
Number of asset objects unloaded after import = 2
========================================================================
Received Import Request.
  Time since last request: 0.000028 seconds.
  path: Assets/CultureSeoulStation284/Textures/T_Concrete_6_GraniteTile_BC.png
  artifactKey: Guid(abc00000000009870385291795799592) Importer(815301076,1909f56bfc062723c751e8b465ee728b)
Start importing Assets/CultureSeoulStation284/Textures/T_Concrete_6_GraniteTile_BC.png using Guid(abc00000000009870385291795799592) Importer(815301076,1909f56bfc062723c751e8b465ee728b)  -> (artifact id: 'e388aad44c5bd64edb4fa3756745df7f') in 0.033327 seconds
Number of updated asset objects reloaded before import = 0
Number of asset objects unloaded after import = 2
========================================================================
Received Import Request.
  Time since last request: 0.000027 seconds.
  path: Assets/CultureSeoulStation284/Textures/T_Concrete_5_Tile_AO.png
  artifactKey: Guid(abc00000000002554091686728460226) Importer(815301076,1909f56bfc062723c751e8b465ee728b)
Start importing Assets/CultureSeoulStation284/Textures/T_Concrete_5_Tile_AO.png using Guid(abc00000000002554091686728460226) Importer(815301076,1909f56bfc062723c751e8b465ee728b)  -> (artifact id: '0fb961c56c8ff44f34f1086d1b32342a') in 0.030491 seconds
Number of updated asset objects reloaded before import = 0
Number of asset objects unloaded after import = 2
========================================================================
Received Import Request.
  Time since last request: 0.000029 seconds.
  path: Assets/CultureSeoulStation284/Textures/T_Concrete_4_BC_2.png
  artifactKey: Guid(abc00000000000366308248390583744) Importer(815301076,1909f56bfc062723c751e8b465ee728b)
Start importing Assets/CultureSeoulStation284/Textures/T_Concrete_4_BC_2.png using Guid(abc00000000000366308248390583744) Importer(815301076,1909f56bfc062723c751e8b465ee728b)  -> (artifact id: 'fd13aa4ec90366d68ae6522c0842042b') in 0.035616 seconds
Number of updated asset objects reloaded before import = 0
Number of asset objects unloaded after import = 2
========================================================================
Received Import Request.
  Time since last request: 0.000031 seconds.
  path: Assets/CultureSeoulStation284/Textures/T_Carpet_N.png
  artifactKey: Guid(abc00000000014008710242873042705) Importer(815301076,1909f56bfc062723c751e8b465ee728b)
Start importing Assets/CultureSeoulStation284/Textures/T_Carpet_N.png using Guid(abc00000000014008710242873042705) Importer(815301076,1909f56bfc062723c751e8b465ee728b)  -> (artifact id: '419ebada921656c96f17aadf901e3a54') in 0.054264 seconds
Number of updated asset objects reloaded before import = 0
Number of asset objects unloaded after import = 2
========================================================================
Received Import Request.
  Time since last request: 0.000018 seconds.
  path: Assets/CultureSeoulStation284/Textures/T_Basement_Fence_O.png
  artifactKey: Guid(abc00000000009748705500295174430) Importer(815301076,1909f56bfc062723c751e8b465ee728b)
Start importing Assets/CultureSeoulStation284/Textures/T_Basement_Fence_O.png using Guid(abc00000000009748705500295174430) Importer(815301076,1909f56bfc062723c751e8b465ee728b)  -> (artifact id: '1362a5b11505606fc3c8a102a919a4d7') in 0.024754 seconds
Number of updated asset objects reloaded before import = 0
Number of asset objects unloaded after import = 2
========================================================================
Received Import Request.
  Time since last request: 0.000034 seconds.
  path: Assets/CultureSeoulStation284/Textures/T_Concrete_4_Tile_N.png
  artifactKey: Guid(abc00000000006485657452185912731) Importer(815301076,1909f56bfc062723c751e8b465ee728b)
Start importing Assets/CultureSeoulStation284/Textures/T_Concrete_4_Tile_N.png using Guid(abc00000000006485657452185912731) Importer(815301076,1909f56bfc062723c751e8b465ee728b)  -> (artifact id: '5604ecb519d6734d389cc70a42f337f8') in 0.049801 seconds
Number of updated asset objects reloaded before import = 0
Number of asset objects unloaded after import = 2
========================================================================
Received Import Request.
  Time since last request: 0.000038 seconds.
  path: Assets/CultureSeoulStation284/Textures/T_Brass_2_PatternTile_BC.png
  artifactKey: Guid(abc00000000004958530469770206158) Importer(815301076,1909f56bfc062723c751e8b465ee728b)
Start importing Assets/CultureSeoulStation284/Textures/T_Brass_2_PatternTile_BC.png using Guid(abc00000000004958530469770206158) Importer(815301076,1909f56bfc062723c751e8b465ee728b)  -> (artifact id: 'e807af54d1070595e8f0ec36807c21c3') in 0.034495 seconds
Number of updated asset objects reloaded before import = 0
Number of asset objects unloaded after import = 2
========================================================================
Received Import Request.
  Time since last request: 0.000027 seconds.
  path: Assets/CultureSeoulStation284/Textures/T_Concrete_2_Pebble_BC.png
  artifactKey: Guid(abc00000000001030762786709720076) Importer(815301076,1909f56bfc062723c751e8b465ee728b)
Start importing Assets/CultureSeoulStation284/Textures/T_Concrete_2_Pebble_BC.png using Guid(abc00000000001030762786709720076) Importer(815301076,1909f56bfc062723c751e8b465ee728b)  -> (artifact id: 'b62d649faeab129ae3c1968b534490f9') in 0.038704 seconds
Number of updated asset objects reloaded before import = 0
Number of asset objects unloaded after import = 2
========================================================================
Received Import Request.
  Time since last request: 0.000028 seconds.
  path: Assets/CultureSeoulStation284/Textures/T_Carpet_R.png
  artifactKey: Guid(abc00000000011599923164861282229) Importer(815301076,1909f56bfc062723c751e8b465ee728b)
Start importing Assets/CultureSeoulStation284/Textures/T_Carpet_R.png using Guid(abc00000000011599923164861282229) Importer(815301076,1909f56bfc062723c751e8b465ee728b)  -> (artifact id: '795f917e414577ba29c921462b3bb5e6') in 0.050195 seconds
Number of updated asset objects reloaded before import = 0
Number of asset objects unloaded after import = 2
========================================================================
Received Import Request.
  Time since last request: 0.000042 seconds.
  path: Assets/CultureSeoulStation284/Textures/T_Concrete_4_Tile_AO.png
  artifactKey: Guid(abc00000000018098510909313295025) Importer(815301076,1909f56bfc062723c751e8b465ee728b)
Start importing Assets/CultureSeoulStation284/Textures/T_Concrete_4_Tile_AO.png using Guid(abc00000000018098510909313295025) Importer(815301076,1909f56bfc062723c751e8b465ee728b)  -> (artifact id: '7244b471a08cd7ac7a9fc8a371af189c') in 0.065053 seconds
Number of updated asset objects reloaded before import = 0
Number of asset objects unloaded after import = 2
========================================================================
Received Import Request.
  Time since last request: 0.000116 seconds.
  path: Assets/CultureSeoulStation284/Textures/T_Concrete_2_Pebble_N.png
  artifactKey: Guid(abc00000000006440391206863764145) Importer(815301076,1909f56bfc062723c751e8b465ee728b)
Start importing Assets/CultureSeoulStation284/Textures/T_Concrete_2_Pebble_N.png using Guid(abc00000000006440391206863764145) Importer(815301076,1909f56bfc062723c751e8b465ee728b)  -> (artifact id: 'dba3242b2952d870f0cb941ac0ab1ac6') in 0.058206 seconds
Number of updated asset objects reloaded before import = 0
Number of asset objects unloaded after import = 2
========================================================================
Received Import Request.
  Time since last request: 0.000023 seconds.
  path: Assets/CultureSeoulStation284/Textures/T_BrightMarble_R.png
  artifactKey: Guid(abc00000000007098125029012144703) Importer(815301076,1909f56bfc062723c751e8b465ee728b)
Start importing Assets/CultureSeoulStation284/Textures/T_BrightMarble_R.png using Guid(abc00000000007098125029012144703) Importer(815301076,1909f56bfc062723c751e8b465ee728b)  -> (artifact id: 'c354a6d04038e243243bdeaf7a9687ea') in 0.034318 seconds
Number of updated asset objects reloaded before import = 0
Number of asset objects unloaded after import = 2
========================================================================
Received Import Request.
  Time since last request: 0.000036 seconds.
  path: Assets/CultureSeoulStation284/Textures/T_Brick_2_N.png
  artifactKey: Guid(abc00000000009431218279862559126) Importer(815301076,1909f56bfc062723c751e8b465ee728b)
Start importing Assets/CultureSeoulStation284/Textures/T_Brick_2_N.png using Guid(abc00000000009431218279862559126) Importer(815301076,1909f56bfc062723c751e8b465ee728b)  -> (artifact id: '89fd533a0a443cd3a75ab8f3e6d1e0ed') in 0.054805 seconds
Number of updated asset objects reloaded before import = 0
Number of asset objects unloaded after import = 2
========================================================================
Received Import Request.
  Time since last request: 0.000019 seconds.
  path: Assets/CultureSeoulStation284/Textures/T_Clock_2_BC.png
  artifactKey: Guid(abc00000000018312658164391119440) Importer(815301076,1909f56bfc062723c751e8b465ee728b)
Start importing Assets/CultureSeoulStation284/Textures/T_Clock_2_BC.png using Guid(abc00000000018312658164391119440) Importer(815301076,1909f56bfc062723c751e8b465ee728b)  -> (artifact id: 'bffeb4bb894f07f0d0e943005d332966') in 0.035133 seconds
Number of updated asset objects reloaded before import = 0
Number of asset objects unloaded after import = 2
========================================================================
Received Import Request.
  Time since last request: 0.000020 seconds.
  path: Assets/CultureSeoulStation284/Textures/T_Concrete_2_Pebble_R.png
  artifactKey: Guid(abc00000000003786720899065291349) Importer(815301076,1909f56bfc062723c751e8b465ee728b)
Start importing Assets/CultureSeoulStation284/Textures/T_Concrete_2_Pebble_R.png using Guid(abc00000000003786720899065291349) Importer(815301076,1909f56bfc062723c751e8b465ee728b)  -> (artifact id: '7e5f13ee6381803bea58cce0cd8c88ec') in 0.044846 seconds
Number of updated asset objects reloaded before import = 0
Number of asset objects unloaded after import = 2
========================================================================
Received Import Request.
  Time since last request: 0.000023 seconds.
  path: Assets/CultureSeoulStation284/Textures/T_Concrete_1_ORG_AO.png
  artifactKey: Guid(abc00000000002218834663160223072) Importer(815301076,1909f56bfc062723c751e8b465ee728b)
Start importing Assets/CultureSeoulStation284/Textures/T_Concrete_1_ORG_AO.png using Guid(abc00000000002218834663160223072) Importer(815301076,1909f56bfc062723c751e8b465ee728b)  -> (artifact id: '1470fd6d66f3bbf9a51fb91f2a96bde4') in 0.058640 seconds
Number of updated asset objects reloaded before import = 0
Number of asset objects unloaded after import = 2
========================================================================
Received Import Request.
  Time since last request: 0.000023 seconds.
  path: Assets/CultureSeoulStation284/Textures/T_Concrete_3_Pebble_N.png
  artifactKey: Guid(abc00000000016111511528720325800) Importer(815301076,1909f56bfc062723c751e8b465ee728b)
Start importing Assets/CultureSeoulStation284/Textures/T_Concrete_3_Pebble_N.png using Guid(abc00000000016111511528720325800) Importer(815301076,1909f56bfc062723c751e8b465ee728b)  -> (artifact id: 'f980e858531b8a392f45bddb1d11d22e') in 0.052470 seconds
Number of updated asset objects reloaded before import = 0
Number of asset objects unloaded after import = 2
========================================================================
Received Import Request.
  Time since last request: 0.000032 seconds.
  path: Assets/CultureSeoulStation284/Textures/T_Carpet_AO.png
  artifactKey: Guid(abc00000000013131807610650538659) Importer(815301076,1909f56bfc062723c751e8b465ee728b)
Start importing Assets/CultureSeoulStation284/Textures/T_Carpet_AO.png using Guid(abc00000000013131807610650538659) Importer(815301076,1909f56bfc062723c751e8b465ee728b)  -> (artifact id: '9f703f6067bec021c6bc547704ea4493') in 0.058677 seconds
Number of updated asset objects reloaded before import = 0
Number of asset objects unloaded after import = 2
Editor requested this worker to shutdown with reason: Scaling down because of idle timeout
TcpMessagingSession - receive error: operation aborted. errorcode: 995, details: 스레드 종료 또는 응용 프로그램 요청 때문에 I/O 작업이 취소되었습니다.
AssetImportWorker is now disconnected from the server
Process exiting
Exiting without the bug reporter. Application will terminate with return code 0