Using pre-set license
Built from '2022.3/staging' branch; Version is '2022.3.22f1 (887be4894c44) revision 8944612'; Using compiler version '192829333'; Build Type 'Release'
OS: 'Windows 11  (10.0.26100) 64bit Core' Language: 'ko' Physical Memory: 32612 MB
BatchMode: 1, IsHumanControllingUs: 0, StartBugReporterOnCrash: 0, Is64bit: 1, IsPro: 1

COMMAND LINE ARGUMENTS:
C:\Program Files\Unity\Hub\Editor\2022.3.22f1\Editor\Unity.exe
-adb2
-batchMode
-noUpm
-name
AssetImportWorker5
-projectPath
C:/Users/songyerin/Documents/GitHub/2025KHUTON
-logFile
Logs/AssetImportWorker5.log
-srvPort
62436
Successfully changed project path to: C:/Users/songyerin/Documents/GitHub/2025KHUTON
C:/Users/songyerin/Documents/GitHub/2025KHUTON
[UnityMemory] Configuration Parameters - Can be set up in boot.config
    "memorysetup-bucket-allocator-granularity=16"
    "memorysetup-bucket-allocator-bucket-count=8"
    "memorysetup-bucket-allocator-block-size=33554432"
    "memorysetup-bucket-allocator-block-count=8"
    "memorysetup-main-allocator-block-size=16777216"
    "memorysetup-thread-allocator-block-size=16777216"
    "memorysetup-gfx-main-allocator-block-size=16777216"
    "memorysetup-gfx-thread-allocator-block-size=16777216"
    "memorysetup-cache-allocator-block-size=4194304"
    "memorysetup-typetree-allocator-block-size=2097152"
    "memorysetup-profiler-bucket-allocator-granularity=16"
    "memorysetup-profiler-bucket-allocator-bucket-count=8"
    "memorysetup-profiler-bucket-allocator-block-size=33554432"
    "memorysetup-profiler-bucket-allocator-block-count=8"
    "memorysetup-profiler-allocator-block-size=16777216"
    "memorysetup-profiler-editor-allocator-block-size=1048576"
    "memorysetup-temp-allocator-size-main=16777216"
    "memorysetup-job-temp-allocator-block-size=2097152"
    "memorysetup-job-temp-allocator-block-size-background=1048576"
    "memorysetup-job-temp-allocator-reduction-small-platforms=262144"
    "memorysetup-allocator-temp-initial-block-size-main=262144"
    "memorysetup-allocator-temp-initial-block-size-worker=262144"
    "memorysetup-temp-allocator-size-background-worker=32768"
    "memorysetup-temp-allocator-size-job-worker=262144"
    "memorysetup-temp-allocator-size-preload-manager=33554432"
    "memorysetup-temp-allocator-size-nav-mesh-worker=65536"
    "memorysetup-temp-allocator-size-audio-worker=65536"
    "memorysetup-temp-allocator-size-cloud-worker=32768"
    "memorysetup-temp-allocator-size-gi-baking-worker=262144"
    "memorysetup-temp-allocator-size-gfx=262144"
Player connection [7884] Host "[IP] 119.194.31.229 [Port] 0 [Flags] 2 [Guid] 1296167596 [EditorId] 1296167596 [Version] 1048832 [Id] WindowsEditor(7,DESKTOP-E6DIUDR) [Debug] 1 [PackageName] WindowsEditor [ProjectName] Editor" joined multi-casting on [225.0.0.222:54997]...

Player connection [7884] Host "[IP] 119.194.31.229 [Port] 0 [Flags] 2 [Guid] 1296167596 [EditorId] 1296167596 [Version] 1048832 [Id] WindowsEditor(7,DESKTOP-E6DIUDR) [Debug] 1 [PackageName] WindowsEditor [ProjectName] Editor" joined alternative multi-casting on [225.0.0.222:34997]...

[Physics::Module] Initialized MultithreadedJobDispatcher with 23 workers.
Refreshing native plugins compatible for Editor in 7.17 ms, found 3 plugins.
Preloading 0 native plugins for Editor in 0.00 ms.
Initialize engine version: 2022.3.22f1 (887be4894c44)
[Subsystems] Discovering subsystems at path C:/Program Files/Unity/Hub/Editor/2022.3.22f1/Editor/Data/Resources/UnitySubsystems
[Subsystems] Discovering subsystems at path C:/Users/songyerin/Documents/GitHub/2025KHUTON/Assets
GfxDevice: creating device client; threaded=0; jobified=0
Direct3D:
    Version:  Direct3D 11.0 [level 11.1]
    Renderer: NVIDIA GeForce RTX 4060 Ti (ID=0x2803)
    Vendor:   NVIDIA
    VRAM:     7949 MB
    Driver:   32.0.15.6094
Initialize mono
Mono path[0] = 'C:/Program Files/Unity/Hub/Editor/2022.3.22f1/Editor/Data/Managed'
Mono path[1] = 'C:/Program Files/Unity/Hub/Editor/2022.3.22f1/Editor/Data/MonoBleedingEdge/lib/mono/unityjit-win32'
Mono config path = 'C:/Program Files/Unity/Hub/Editor/2022.3.22f1/Editor/Data/MonoBleedingEdge/etc'
Using monoOptions --debugger-agent=transport=dt_socket,embedding=1,server=y,suspend=n,address=127.0.0.1:56052
Begin MonoManager ReloadAssembly
Registering precompiled unity dll's ...
Register platform support module: C:/Program Files/Unity/Hub/Editor/2022.3.22f1/Editor/Data/PlaybackEngines/WindowsStandaloneSupport/UnityEditor.WindowsStandalone.Extensions.dll
Register platform support module: C:/Program Files/Unity/Hub/Editor/2022.3.22f1/Editor/Data/PlaybackEngines/MetroSupport/UnityEditor.UWP.Extensions.dll
Registered in 0.005829 seconds.
- Loaded All Assemblies, in  0.285 seconds
Native extension for UWP target not found
Native extension for WindowsStandalone target not found
Mono: successfully reloaded assembly
- Finished resetting the current domain, in  0.205 seconds
Domain Reload Profiling: 489ms
	BeginReloadAssembly (89ms)
		ExecutionOrderSort (0ms)
		DisableScriptedObjects (0ms)
		BackupInstance (0ms)
		ReleaseScriptingObjects (0ms)
		CreateAndSetChildDomain (1ms)
	RebuildCommonClasses (28ms)
	RebuildNativeTypeToScriptingClass (7ms)
	initialDomainReloadingComplete (49ms)
	LoadAllAssembliesAndSetupDomain (111ms)
		LoadAssemblies (88ms)
		RebuildTransferFunctionScriptingTraits (0ms)
		AnalyzeDomain (109ms)
			TypeCache.Refresh (108ms)
				TypeCache.ScanAssembly (94ms)
			ScanForSourceGeneratedMonoScriptInfo (0ms)
			ResolveRequiredComponents (0ms)
	FinalizeReload (205ms)
		ReleaseScriptCaches (0ms)
		RebuildScriptCaches (0ms)
		SetupLoadedEditorAssemblies (156ms)
			LogAssemblyErrors (0ms)
			InitializePlatformSupportModulesInManaged (7ms)
			SetLoadedEditorAssemblies (4ms)
			RefreshPlugins (0ms)
			BeforeProcessingInitializeOnLoad (2ms)
			ProcessInitializeOnLoadAttributes (106ms)
			ProcessInitializeOnLoadMethodAttributes (36ms)
			AfterProcessingInitializeOnLoad (0ms)
			EditorAssembliesLoaded (0ms)
		ExecutionOrderSort2 (0ms)
		AwakeInstancesAfterBackupRestoration (0ms)
========================================================================
Worker process is ready to serve import requests
Begin MonoManager ReloadAssembly
- Loaded All Assemblies, in  0.373 seconds
Refreshing native plugins compatible for Editor in 1.89 ms, found 3 plugins.
Native extension for UWP target not found
Native extension for WindowsStandalone target not found
Mono: successfully reloaded assembly
- Finished resetting the current domain, in  0.330 seconds
Domain Reload Profiling: 701ms
	BeginReloadAssembly (89ms)
		ExecutionOrderSort (0ms)
		DisableScriptedObjects (3ms)
		BackupInstance (0ms)
		ReleaseScriptingObjects (0ms)
		CreateAndSetChildDomain (13ms)
	RebuildCommonClasses (20ms)
	RebuildNativeTypeToScriptingClass (6ms)
	initialDomainReloadingComplete (25ms)
	LoadAllAssembliesAndSetupDomain (231ms)
		LoadAssemblies (184ms)
		RebuildTransferFunctionScriptingTraits (0ms)
		AnalyzeDomain (101ms)
			TypeCache.Refresh (88ms)
				TypeCache.ScanAssembly (79ms)
			ScanForSourceGeneratedMonoScriptInfo (8ms)
			ResolveRequiredComponents (3ms)
	FinalizeReload (330ms)
		ReleaseScriptCaches (0ms)
		RebuildScriptCaches (0ms)
		SetupLoadedEditorAssemblies (246ms)
			LogAssemblyErrors (0ms)
			InitializePlatformSupportModulesInManaged (4ms)
			SetLoadedEditorAssemblies (2ms)
			RefreshPlugins (0ms)
			BeforeProcessingInitializeOnLoad (33ms)
			ProcessInitializeOnLoadAttributes (188ms)
			ProcessInitializeOnLoadMethodAttributes (14ms)
			AfterProcessingInitializeOnLoad (5ms)
			EditorAssembliesLoaded (0ms)
		ExecutionOrderSort2 (0ms)
		AwakeInstancesAfterBackupRestoration (5ms)
Launched and connected shader compiler UnityShaderCompiler.exe after 0.03 seconds
Refreshing native plugins compatible for Editor in 2.16 ms, found 3 plugins.
Preloading 0 native plugins for Editor in 0.00 ms.
Unloading 3135 Unused Serialized files (Serialized files now loaded: 0)
Unloading 33 unused Assets / (57.0 KB). Loaded Objects now: 3596.
Memory consumption went from 125.1 MB to 125.0 MB.
Total: 2.006400 ms (FindLiveObjects: 0.165100 ms CreateObjectMapping: 0.049600 ms MarkObjects: 1.708600 ms  DeleteObjects: 0.082500 ms)

AssetImportParameters requested are different than current active one (requested -> active):
  custom:container-demuxer-ogg: 62fdf1f143b41e24485cea50d1cbac27 -> 
  custom:video-codec-MediaFoundation-h265: 746d11721c4dcdbdad8f713fa42b33f4 -> 
  custom:video-decoder-ogg-theora: a1e56fd34408186e4bbccfd4996cb3dc -> 
  custom:framework-win-MediaFoundation: 216162199b28c13a410421893ffa2e32 -> 
  custom:CustomObjectIndexerAttribute: 9a22284fe3817be447336de3de66b15e -> 
  custom:container-demuxer-webm: 4f35f7cbe854078d1ac9338744f61a02 -> 
  custom:container-muxer-webm: aa71ff27fc2769a1b78a27578f13a17b -> 
  custom:video-decoder-webm-vp8: 9c59270c3fd7afecdb556c50c9e8de78 -> 
  custom:SearchIndexIgnoredProperties: e643bd26f0fe6173181afceb89e7c659 -> 
  custom:AudioImporter_EditorPlatform: d09bf68614088b80899f8185d706f6e7 -> 
  custom:video-encoder-webm-vp8: eb34c28f22e8b96e1ab97ce403110664 -> 
  custom:audio-decoder-ogg-vorbis: bf7c407c2cedff20999df2af8eb42d56 -> 
  custom:audio-encoder-webm-vorbis: bf7c407c2cedff20999df2af8eb42d56 -> 
========================================================================
Received Import Request.
  Time since last request: 969828.210971 seconds.
  path: Assets/CultureSeoulStation284/Materials/MI_Elevator.mat
  artifactKey: Guid(abc00000000010851347796456698215) Importer(815301076,1909f56bfc062723c751e8b465ee728b)
Start importing Assets/CultureSeoulStation284/Materials/MI_Elevator.mat using Guid(abc00000000010851347796456698215) Importer(815301076,1909f56bfc062723c751e8b465ee728b)  -> (artifact id: 'bcb7920d6f43acddbbc2e284344087a6') in 0.129081 seconds
Number of updated asset objects reloaded before import = 0
Number of asset objects unloaded after import = 4
========================================================================
Received Import Request.
  Time since last request: 0.000027 seconds.
  path: Assets/CultureSeoulStation284/Materials/MI_Light.mat
  artifactKey: Guid(abc00000000004961194314856446735) Importer(815301076,1909f56bfc062723c751e8b465ee728b)
Start importing Assets/CultureSeoulStation284/Materials/MI_Light.mat using Guid(abc00000000004961194314856446735) Importer(815301076,1909f56bfc062723c751e8b465ee728b)  -> (artifact id: '9c78a9ff17d8994fc239be66827e0a3f') in 0.006619 seconds
Number of updated asset objects reloaded before import = 0
Number of asset objects unloaded after import = 1
========================================================================
Received Import Request.
  Time since last request: 0.000042 seconds.
  path: Assets/CultureSeoulStation284/Materials/MI_Pillar_Pattern_1.mat
  artifactKey: Guid(abc00000000011952037127951825978) Importer(815301076,1909f56bfc062723c751e8b465ee728b)
Start importing Assets/CultureSeoulStation284/Materials/MI_Pillar_Pattern_1.mat using Guid(abc00000000011952037127951825978) Importer(815301076,1909f56bfc062723c751e8b465ee728b)  -> (artifact id: '19b732cc65b1c084b90cc1e11783db7d') in 0.063109 seconds
Number of updated asset objects reloaded before import = 0
Number of asset objects unloaded after import = 5
========================================================================
Received Import Request.
  Time since last request: 0.000036 seconds.
  path: Assets/CultureSeoulStation284/Materials/MI_Mirror_1.mat
  artifactKey: Guid(abc00000000012143212168487756895) Importer(815301076,1909f56bfc062723c751e8b465ee728b)
Start importing Assets/CultureSeoulStation284/Materials/MI_Mirror_1.mat using Guid(abc00000000012143212168487756895) Importer(815301076,1909f56bfc062723c751e8b465ee728b)  -> (artifact id: 'c20f3c7e17f2f03fc7517f0ccd6f0391') in 0.007231 seconds
Number of updated asset objects reloaded before import = 0
Number of asset objects unloaded after import = 1
========================================================================
Received Import Request.
  Time since last request: 0.000044 seconds.
  path: Assets/CultureSeoulStation284/Materials/MI_GreenWood_Pattern_1.mat
  artifactKey: Guid(abc00000000016114042533080731161) Importer(815301076,1909f56bfc062723c751e8b465ee728b)
Start importing Assets/CultureSeoulStation284/Materials/MI_GreenWood_Pattern_1.mat using Guid(abc00000000016114042533080731161) Importer(815301076,1909f56bfc062723c751e8b465ee728b)  -> (artifact id: '2f1f3fbe80e71a8f7bd02aacd57c58da') in 0.063737 seconds
Number of updated asset objects reloaded before import = 0
Number of asset objects unloaded after import = 9
========================================================================
Received Import Request.
  Time since last request: 2.485203 seconds.
  path: Assets/CultureSeoulStation284/Materials/MI_RoughGold_1.mat
  artifactKey: Guid(abc00000000013551533966334028348) Importer(815301076,1909f56bfc062723c751e8b465ee728b)
Start importing Assets/CultureSeoulStation284/Materials/MI_RoughGold_1.mat using Guid(abc00000000013551533966334028348) Importer(815301076,1909f56bfc062723c751e8b465ee728b)  -> (artifact id: 'b7aabbed9e04be96ae5cbcd506a9cff8') in 0.103270 seconds
Number of updated asset objects reloaded before import = 0
Number of asset objects unloaded after import = 5
========================================================================
Received Import Request.
  Time since last request: 0.000046 seconds.
  path: Assets/CultureSeoulStation284/Materials/MI_Tile_5.mat
  artifactKey: Guid(abc00000000004240762037723003253) Importer(815301076,1909f56bfc062723c751e8b465ee728b)
Start importing Assets/CultureSeoulStation284/Materials/MI_Tile_5.mat using Guid(abc00000000004240762037723003253) Importer(815301076,1909f56bfc062723c751e8b465ee728b)  -> (artifact id: '330de8c8618d7694ebada50fbd8d2292') in 0.082269 seconds
Number of updated asset objects reloaded before import = 0
Number of asset objects unloaded after import = 9
========================================================================
Received Import Request.
  Time since last request: 0.161993 seconds.
  path: Assets/CultureSeoulStation284/Materials/MI_Tile_11.mat
  artifactKey: Guid(abc00000000017890695535818388568) Importer(815301076,1909f56bfc062723c751e8b465ee728b)
Start importing Assets/CultureSeoulStation284/Materials/MI_Tile_11.mat using Guid(abc00000000017890695535818388568) Importer(815301076,1909f56bfc062723c751e8b465ee728b)  -> (artifact id: '59e63759ae997923c5ebe05ff1677c92') in 0.024278 seconds
Number of updated asset objects reloaded before import = 0
Number of asset objects unloaded after import = 5
========================================================================
Received Import Request.
  Time since last request: 0.000018 seconds.
  path: Assets/CultureSeoulStation284/Materials/MI_Wall_Pattern_3.mat
  artifactKey: Guid(abc00000000006358258409282891431) Importer(815301076,1909f56bfc062723c751e8b465ee728b)
Start importing Assets/CultureSeoulStation284/Materials/MI_Wall_Pattern_3.mat using Guid(abc00000000006358258409282891431) Importer(815301076,1909f56bfc062723c751e8b465ee728b)  -> (artifact id: '4f8f4d7d29700b51c91c2852af011133') in 0.072774 seconds
Number of updated asset objects reloaded before import = 0
Number of asset objects unloaded after import = 7
Editor requested this worker to shutdown with reason: Scaling down because of idle timeout
TcpMessagingSession - receive error: operation aborted. errorcode: 995, details: 스레드 종료 또는 응용 프로그램 요청 때문에 I/O 작업이 취소되었습니다.
AssetImportWorker is now disconnected from the server
Process exiting
Exiting without the bug reporter. Application will terminate with return code 0