Using pre-set license
Built from '2022.3/staging' branch; Version is '2022.3.22f1 (887be4894c44) revision 8944612'; Using compiler version '192829333'; Build Type 'Release'
OS: 'Windows 11  (10.0.26100) 64bit Core' Language: 'ko' Physical Memory: 32612 MB
BatchMode: 1, IsHumanControllingUs: 0, StartBugReporterOnCrash: 0, Is64bit: 1, IsPro: 1

COMMAND LINE ARGUMENTS:
C:\Program Files\Unity\Hub\Editor\2022.3.22f1\Editor\Unity.exe
-adb2
-batchMode
-noUpm
-name
AssetImportWorker4
-projectPath
C:/Users/songyerin/Documents/GitHub/2025KHUTON
-logFile
Logs/AssetImportWorker4.log
-srvPort
62436
Successfully changed project path to: C:/Users/songyerin/Documents/GitHub/2025KHUTON
C:/Users/songyerin/Documents/GitHub/2025KHUTON
[UnityMemory] Configuration Parameters - Can be set up in boot.config
    "memorysetup-bucket-allocator-granularity=16"
    "memorysetup-bucket-allocator-bucket-count=8"
    "memorysetup-bucket-allocator-block-size=33554432"
    "memorysetup-bucket-allocator-block-count=8"
    "memorysetup-main-allocator-block-size=16777216"
    "memorysetup-thread-allocator-block-size=16777216"
    "memorysetup-gfx-main-allocator-block-size=16777216"
    "memorysetup-gfx-thread-allocator-block-size=16777216"
    "memorysetup-cache-allocator-block-size=4194304"
    "memorysetup-typetree-allocator-block-size=2097152"
    "memorysetup-profiler-bucket-allocator-granularity=16"
    "memorysetup-profiler-bucket-allocator-bucket-count=8"
    "memorysetup-profiler-bucket-allocator-block-size=33554432"
    "memorysetup-profiler-bucket-allocator-block-count=8"
    "memorysetup-profiler-allocator-block-size=16777216"
    "memorysetup-profiler-editor-allocator-block-size=1048576"
    "memorysetup-temp-allocator-size-main=16777216"
    "memorysetup-job-temp-allocator-block-size=2097152"
    "memorysetup-job-temp-allocator-block-size-background=1048576"
    "memorysetup-job-temp-allocator-reduction-small-platforms=262144"
    "memorysetup-allocator-temp-initial-block-size-main=262144"
    "memorysetup-allocator-temp-initial-block-size-worker=262144"
    "memorysetup-temp-allocator-size-background-worker=32768"
    "memorysetup-temp-allocator-size-job-worker=262144"
    "memorysetup-temp-allocator-size-preload-manager=33554432"
    "memorysetup-temp-allocator-size-nav-mesh-worker=65536"
    "memorysetup-temp-allocator-size-audio-worker=65536"
    "memorysetup-temp-allocator-size-cloud-worker=32768"
    "memorysetup-temp-allocator-size-gi-baking-worker=262144"
    "memorysetup-temp-allocator-size-gfx=262144"
Player connection [22636] Host "[IP] 119.194.31.229 [Port] 0 [Flags] 2 [Guid] 251240162 [EditorId] 251240162 [Version] 1048832 [Id] WindowsEditor(7,DESKTOP-E6DIUDR) [Debug] 1 [PackageName] WindowsEditor [ProjectName] Editor" joined multi-casting on [225.0.0.222:54997]...

Player connection [22636] Host "[IP] 119.194.31.229 [Port] 0 [Flags] 2 [Guid] 251240162 [EditorId] 251240162 [Version] 1048832 [Id] WindowsEditor(7,DESKTOP-E6DIUDR) [Debug] 1 [PackageName] WindowsEditor [ProjectName] Editor" joined alternative multi-casting on [225.0.0.222:34997]...

[Physics::Module] Initialized MultithreadedJobDispatcher with 23 workers.
Refreshing native plugins compatible for Editor in 5.49 ms, found 3 plugins.
Preloading 0 native plugins for Editor in 0.00 ms.
Initialize engine version: 2022.3.22f1 (887be4894c44)
[Subsystems] Discovering subsystems at path C:/Program Files/Unity/Hub/Editor/2022.3.22f1/Editor/Data/Resources/UnitySubsystems
[Subsystems] Discovering subsystems at path C:/Users/songyerin/Documents/GitHub/2025KHUTON/Assets
GfxDevice: creating device client; threaded=0; jobified=0
Direct3D:
    Version:  Direct3D 11.0 [level 11.1]
    Renderer: NVIDIA GeForce RTX 4060 Ti (ID=0x2803)
    Vendor:   NVIDIA
    VRAM:     7949 MB
    Driver:   32.0.15.6094
Initialize mono
Mono path[0] = 'C:/Program Files/Unity/Hub/Editor/2022.3.22f1/Editor/Data/Managed'
Mono path[1] = 'C:/Program Files/Unity/Hub/Editor/2022.3.22f1/Editor/Data/MonoBleedingEdge/lib/mono/unityjit-win32'
Mono config path = 'C:/Program Files/Unity/Hub/Editor/2022.3.22f1/Editor/Data/MonoBleedingEdge/etc'
Using monoOptions --debugger-agent=transport=dt_socket,embedding=1,server=y,suspend=n,address=127.0.0.1:56896
Begin MonoManager ReloadAssembly
Registering precompiled unity dll's ...
Register platform support module: C:/Program Files/Unity/Hub/Editor/2022.3.22f1/Editor/Data/PlaybackEngines/WindowsStandaloneSupport/UnityEditor.WindowsStandalone.Extensions.dll
Register platform support module: C:/Program Files/Unity/Hub/Editor/2022.3.22f1/Editor/Data/PlaybackEngines/MetroSupport/UnityEditor.UWP.Extensions.dll
Registered in 0.004787 seconds.
- Loaded All Assemblies, in  0.276 seconds
Native extension for UWP target not found
Native extension for WindowsStandalone target not found
Mono: successfully reloaded assembly
- Finished resetting the current domain, in  0.231 seconds
Domain Reload Profiling: 507ms
	BeginReloadAssembly (84ms)
		ExecutionOrderSort (0ms)
		DisableScriptedObjects (0ms)
		BackupInstance (0ms)
		ReleaseScriptingObjects (0ms)
		CreateAndSetChildDomain (1ms)
	RebuildCommonClasses (23ms)
	RebuildNativeTypeToScriptingClass (6ms)
	initialDomainReloadingComplete (46ms)
	LoadAllAssembliesAndSetupDomain (116ms)
		LoadAssemblies (82ms)
		RebuildTransferFunctionScriptingTraits (0ms)
		AnalyzeDomain (115ms)
			TypeCache.Refresh (113ms)
				TypeCache.ScanAssembly (100ms)
			ScanForSourceGeneratedMonoScriptInfo (0ms)
			ResolveRequiredComponents (1ms)
	FinalizeReload (232ms)
		ReleaseScriptCaches (0ms)
		RebuildScriptCaches (0ms)
		SetupLoadedEditorAssemblies (180ms)
			LogAssemblyErrors (0ms)
			InitializePlatformSupportModulesInManaged (9ms)
			SetLoadedEditorAssemblies (6ms)
			RefreshPlugins (0ms)
			BeforeProcessingInitializeOnLoad (1ms)
			ProcessInitializeOnLoadAttributes (116ms)
			ProcessInitializeOnLoadMethodAttributes (47ms)
			AfterProcessingInitializeOnLoad (0ms)
			EditorAssembliesLoaded (0ms)
		ExecutionOrderSort2 (0ms)
		AwakeInstancesAfterBackupRestoration (0ms)
========================================================================
Worker process is ready to serve import requests
Begin MonoManager ReloadAssembly
- Loaded All Assemblies, in  0.371 seconds
Refreshing native plugins compatible for Editor in 1.89 ms, found 3 plugins.
Native extension for UWP target not found
Native extension for WindowsStandalone target not found
Mono: successfully reloaded assembly
- Finished resetting the current domain, in  0.323 seconds
Domain Reload Profiling: 693ms
	BeginReloadAssembly (89ms)
		ExecutionOrderSort (0ms)
		DisableScriptedObjects (3ms)
		BackupInstance (0ms)
		ReleaseScriptingObjects (0ms)
		CreateAndSetChildDomain (13ms)
	RebuildCommonClasses (21ms)
	RebuildNativeTypeToScriptingClass (6ms)
	initialDomainReloadingComplete (25ms)
	LoadAllAssembliesAndSetupDomain (229ms)
		LoadAssemblies (177ms)
		RebuildTransferFunctionScriptingTraits (0ms)
		AnalyzeDomain (104ms)
			TypeCache.Refresh (91ms)
				TypeCache.ScanAssembly (81ms)
			ScanForSourceGeneratedMonoScriptInfo (8ms)
			ResolveRequiredComponents (3ms)
	FinalizeReload (323ms)
		ReleaseScriptCaches (0ms)
		RebuildScriptCaches (0ms)
		SetupLoadedEditorAssemblies (237ms)
			LogAssemblyErrors (0ms)
			InitializePlatformSupportModulesInManaged (4ms)
			SetLoadedEditorAssemblies (2ms)
			RefreshPlugins (0ms)
			BeforeProcessingInitializeOnLoad (33ms)
			ProcessInitializeOnLoadAttributes (179ms)
			ProcessInitializeOnLoadMethodAttributes (13ms)
			AfterProcessingInitializeOnLoad (6ms)
			EditorAssembliesLoaded (0ms)
		ExecutionOrderSort2 (0ms)
		AwakeInstancesAfterBackupRestoration (5ms)
Launched and connected shader compiler UnityShaderCompiler.exe after 0.02 seconds
Refreshing native plugins compatible for Editor in 2.06 ms, found 3 plugins.
Preloading 0 native plugins for Editor in 0.00 ms.
Unloading 3135 Unused Serialized files (Serialized files now loaded: 0)
Unloading 33 unused Assets / (57.1 KB). Loaded Objects now: 3596.
Memory consumption went from 125.1 MB to 125.0 MB.
Total: 1.865300 ms (FindLiveObjects: 0.139500 ms CreateObjectMapping: 0.038800 ms MarkObjects: 1.611100 ms  DeleteObjects: 0.074600 ms)

AssetImportParameters requested are different than current active one (requested -> active):
  custom:container-demuxer-ogg: 62fdf1f143b41e24485cea50d1cbac27 -> 
  custom:video-codec-MediaFoundation-h265: 746d11721c4dcdbdad8f713fa42b33f4 -> 
  custom:video-decoder-ogg-theora: a1e56fd34408186e4bbccfd4996cb3dc -> 
  custom:framework-win-MediaFoundation: 216162199b28c13a410421893ffa2e32 -> 
  custom:CustomObjectIndexerAttribute: 9a22284fe3817be447336de3de66b15e -> 
  custom:container-demuxer-webm: 4f35f7cbe854078d1ac9338744f61a02 -> 
  custom:container-muxer-webm: aa71ff27fc2769a1b78a27578f13a17b -> 
  custom:video-decoder-webm-vp8: 9c59270c3fd7afecdb556c50c9e8de78 -> 
  custom:SearchIndexIgnoredProperties: e643bd26f0fe6173181afceb89e7c659 -> 
  custom:AudioImporter_EditorPlatform: d09bf68614088b80899f8185d706f6e7 -> 
  custom:video-encoder-webm-vp8: eb34c28f22e8b96e1ab97ce403110664 -> 
  custom:audio-decoder-ogg-vorbis: bf7c407c2cedff20999df2af8eb42d56 -> 
  custom:audio-encoder-webm-vorbis: bf7c407c2cedff20999df2af8eb42d56 -> 
========================================================================
Received Import Request.
  Time since last request: 969828.209074 seconds.
  path: Assets/CultureSeoulStation284/Materials/MI_DarkWood_4.mat
  artifactKey: Guid(abc00000000005666255458187575469) Importer(815301076,1909f56bfc062723c751e8b465ee728b)
Start importing Assets/CultureSeoulStation284/Materials/MI_DarkWood_4.mat using Guid(abc00000000005666255458187575469) Importer(815301076,1909f56bfc062723c751e8b465ee728b)  -> (artifact id: '655d55d4714aa8c38ece648dbe0ca180') in 0.202257 seconds
Number of updated asset objects reloaded before import = 0
Number of asset objects unloaded after import = 5
========================================================================
Received Import Request.
  Time since last request: 0.000023 seconds.
  path: Assets/CultureSeoulStation284/Materials/MI_GreyRoof_1.mat
  artifactKey: Guid(abc00000000008979386222296124993) Importer(815301076,1909f56bfc062723c751e8b465ee728b)
Start importing Assets/CultureSeoulStation284/Materials/MI_GreyRoof_1.mat using Guid(abc00000000008979386222296124993) Importer(815301076,1909f56bfc062723c751e8b465ee728b)  -> (artifact id: '568368c57536ee07f1710e9007f86167') in 0.069302 seconds
Number of updated asset objects reloaded before import = 0
Number of asset objects unloaded after import = 9
========================================================================
Received Import Request.
  Time since last request: 2.479973 seconds.
  path: Assets/CultureSeoulStation284/Materials/MI_Pillar_Pattern_3.mat
  artifactKey: Guid(abc00000000005001637522244832522) Importer(815301076,1909f56bfc062723c751e8b465ee728b)
Start importing Assets/CultureSeoulStation284/Materials/MI_Pillar_Pattern_3.mat using Guid(abc00000000005001637522244832522) Importer(815301076,1909f56bfc062723c751e8b465ee728b)  -> (artifact id: 'f8c9c29383e35b655eabc1f7c643a58f') in 0.033435 seconds
Number of updated asset objects reloaded before import = 0
Number of asset objects unloaded after import = 6
========================================================================
Received Import Request.
  Time since last request: 0.000012 seconds.
  path: Assets/CultureSeoulStation284/Materials/MI_RoughMetal_1.mat
  artifactKey: Guid(abc00000000016122204098513536947) Importer(815301076,1909f56bfc062723c751e8b465ee728b)
Start importing Assets/CultureSeoulStation284/Materials/MI_RoughMetal_1.mat using Guid(abc00000000016122204098513536947) Importer(815301076,1909f56bfc062723c751e8b465ee728b)  -> (artifact id: 'ca35e63053fade16db5e25162150f0da') in 0.129010 seconds
Number of updated asset objects reloaded before import = 0
Number of asset objects unloaded after import = 6
========================================================================
Received Import Request.
  Time since last request: 0.188307 seconds.
  path: Assets/CultureSeoulStation284/Materials/MI_Tile_6.mat
  artifactKey: Guid(abc00000000002840981658990979575) Importer(815301076,1909f56bfc062723c751e8b465ee728b)
Start importing Assets/CultureSeoulStation284/Materials/MI_Tile_6.mat using Guid(abc00000000002840981658990979575) Importer(815301076,1909f56bfc062723c751e8b465ee728b)  -> (artifact id: '3e8961f0649a16a9adab85403436f760') in 0.020959 seconds
Number of updated asset objects reloaded before import = 0
Number of asset objects unloaded after import = 4
========================================================================
Received Import Request.
  Time since last request: 0.000018 seconds.
  path: Assets/CultureSeoulStation284/Materials/MI_Wood_Pattern_2.mat
  artifactKey: Guid(abc00000000016884166338690652718) Importer(815301076,1909f56bfc062723c751e8b465ee728b)
Start importing Assets/CultureSeoulStation284/Materials/MI_Wood_Pattern_2.mat using Guid(abc00000000016884166338690652718) Importer(815301076,1909f56bfc062723c751e8b465ee728b)  -> (artifact id: '58918c25cc9a2ffc506bbc9c5b8ef807') in 0.040587 seconds
Number of updated asset objects reloaded before import = 0
Number of asset objects unloaded after import = 5
========================================================================
Received Import Request.
  Time since last request: 0.000095 seconds.
  path: Assets/CultureSeoulStation284/Materials/MI_Wall_Pattern_1.mat
  artifactKey: Guid(abc00000000015106899530103671470) Importer(815301076,1909f56bfc062723c751e8b465ee728b)
Start importing Assets/CultureSeoulStation284/Materials/MI_Wall_Pattern_1.mat using Guid(abc00000000015106899530103671470) Importer(815301076,1909f56bfc062723c751e8b465ee728b)  -> (artifact id: 'ee2a693b1690a4c978d8cc55d93f2957') in 0.047311 seconds
Number of updated asset objects reloaded before import = 0
Number of asset objects unloaded after import = 5
========================================================================
Received Import Request.
  Time since last request: 0.402199 seconds.
  path: Assets/CultureSeoulStation284/Materials/MI_Wood_Pattern_3.mat
  artifactKey: Guid(abc00000000017151061271687944795) Importer(815301076,1909f56bfc062723c751e8b465ee728b)
Start importing Assets/CultureSeoulStation284/Materials/MI_Wood_Pattern_3.mat using Guid(abc00000000017151061271687944795) Importer(815301076,1909f56bfc062723c751e8b465ee728b)  -> (artifact id: 'ee3265e06ee090a7888de079ea63e2e2') in 0.018640 seconds
Number of updated asset objects reloaded before import = 0
Number of asset objects unloaded after import = 5
========================================================================
Received Prepare
Begin MonoManager ReloadAssembly
- Loaded All Assemblies, in  0.348 seconds
Refreshing native plugins compatible for Editor in 1.89 ms, found 3 plugins.
Native extension for UWP target not found
Native extension for WindowsStandalone target not found
Mono: successfully reloaded assembly
- Finished resetting the current domain, in  0.498 seconds
Domain Reload Profiling: 845ms
	BeginReloadAssembly (97ms)
		ExecutionOrderSort (0ms)
		DisableScriptedObjects (2ms)
		BackupInstance (0ms)
		ReleaseScriptingObjects (0ms)
		CreateAndSetChildDomain (21ms)
	RebuildCommonClasses (19ms)
	RebuildNativeTypeToScriptingClass (6ms)
	initialDomainReloadingComplete (17ms)
	LoadAllAssembliesAndSetupDomain (207ms)
		LoadAssemblies (249ms)
		RebuildTransferFunctionScriptingTraits (0ms)
		AnalyzeDomain (9ms)
			TypeCache.Refresh (4ms)
				TypeCache.ScanAssembly (0ms)
			ScanForSourceGeneratedMonoScriptInfo (0ms)
			ResolveRequiredComponents (3ms)
	FinalizeReload (498ms)
		ReleaseScriptCaches (0ms)
		RebuildScriptCaches (0ms)
		SetupLoadedEditorAssemblies (216ms)
			LogAssemblyErrors (0ms)
			InitializePlatformSupportModulesInManaged (4ms)
			SetLoadedEditorAssemblies (2ms)
			RefreshPlugins (0ms)
			BeforeProcessingInitializeOnLoad (34ms)
			ProcessInitializeOnLoadAttributes (160ms)
			ProcessInitializeOnLoadMethodAttributes (12ms)
			AfterProcessingInitializeOnLoad (4ms)
			EditorAssembliesLoaded (0ms)
		ExecutionOrderSort2 (0ms)
		AwakeInstancesAfterBackupRestoration (6ms)
Refreshing native plugins compatible for Editor in 1.84 ms, found 3 plugins.
Preloading 0 native plugins for Editor in 0.00 ms.
Unloading 3127 Unused Serialized files (Serialized files now loaded: 0)
Unloading 24 unused Assets / (31.1 KB). Loaded Objects now: 3640.
Memory consumption went from 130.1 MB to 130.1 MB.
Total: 2.216400 ms (FindLiveObjects: 0.148700 ms CreateObjectMapping: 0.039500 ms MarkObjects: 1.993900 ms  DeleteObjects: 0.033400 ms)

Prepare: number of updated asset objects reloaded= 0
AssetImportParameters requested are different than current active one (requested -> active):
  custom:container-demuxer-ogg: 62fdf1f143b41e24485cea50d1cbac27 -> 
  custom:video-codec-MediaFoundation-h265: 746d11721c4dcdbdad8f713fa42b33f4 -> 
  custom:video-decoder-ogg-theora: a1e56fd34408186e4bbccfd4996cb3dc -> 
  custom:framework-win-MediaFoundation: 216162199b28c13a410421893ffa2e32 -> 
  custom:CustomObjectIndexerAttribute: 9a22284fe3817be447336de3de66b15e -> 
  custom:container-demuxer-webm: 4f35f7cbe854078d1ac9338744f61a02 -> 
  custom:container-muxer-webm: aa71ff27fc2769a1b78a27578f13a17b -> 
  custom:video-decoder-webm-vp8: 9c59270c3fd7afecdb556c50c9e8de78 -> 
  custom:SearchIndexIgnoredProperties: e643bd26f0fe6173181afceb89e7c659 -> 
  custom:AudioImporter_EditorPlatform: d09bf68614088b80899f8185d706f6e7 -> 
  custom:video-encoder-webm-vp8: eb34c28f22e8b96e1ab97ce403110664 -> 
  custom:audio-decoder-ogg-vorbis: bf7c407c2cedff20999df2af8eb42d56 -> 
  custom:audio-encoder-webm-vorbis: bf7c407c2cedff20999df2af8eb42d56 -> 
========================================================================
Received Import Request.
  Time since last request: 469.712935 seconds.
  path: Assets/CultureSeoulStation284
  artifactKey: Guid(e587338cb3f27b9489ed78774b240504) Importer(815301076,1909f56bfc062723c751e8b465ee728b)
Start importing Assets/CultureSeoulStation284 using Guid(e587338cb3f27b9489ed78774b240504) Importer(815301076,1909f56bfc062723c751e8b465ee728b)  -> (artifact id: '00c66b54bde0a21b11e7c4cf159f1866') in 0.002600 seconds
Number of updated asset objects reloaded before import = 0
Number of asset objects unloaded after import = 0
========================================================================
Received Import Request.
  Time since last request: 33.323333 seconds.
  path: Assets/CultureSeoulStation284/hintze_hall.glb
  artifactKey: Guid(5824d2cfe2b97d447b08d53f48ec27be) Importer(815301076,1909f56bfc062723c751e8b465ee728b)
Start importing Assets/CultureSeoulStation284/hintze_hall.glb using Guid(5824d2cfe2b97d447b08d53f48ec27be) Importer(815301076,1909f56bfc062723c751e8b465ee728b)  -> (artifact id: '6be255538715fd596c79d40b0abc8456') in 0.009776 seconds
Number of updated asset objects reloaded before import = 0
Number of asset objects unloaded after import = 1
========================================================================
Received Import Request.
  Time since last request: 249.246455 seconds.
  path: Assets/CultureSeoulStation284/Textures
  artifactKey: Guid(56ac17fe8f5d98248a392a6ab8b7f37e) Importer(815301076,1909f56bfc062723c751e8b465ee728b)
Start importing Assets/CultureSeoulStation284/Textures using Guid(56ac17fe8f5d98248a392a6ab8b7f37e) Importer(815301076,1909f56bfc062723c751e8b465ee728b)  -> (artifact id: '39383e87063bb2549ed204cc08b21cf9') in 0.000585 seconds
Number of updated asset objects reloaded before import = 0
Number of asset objects unloaded after import = 0
========================================================================
Received Import Request.
  Time since last request: 0.911309 seconds.
  path: Assets/CultureSeoulStation284/Prefabs
  artifactKey: Guid(7d7ed7b8c53f3ce41abc9a46da7051a2) Importer(815301076,1909f56bfc062723c751e8b465ee728b)
Start importing Assets/CultureSeoulStation284/Prefabs using Guid(7d7ed7b8c53f3ce41abc9a46da7051a2) Importer(815301076,1909f56bfc062723c751e8b465ee728b)  -> (artifact id: 'ccc5379670344b2e4149d5bc65cdae85') in 0.000369 seconds
Number of updated asset objects reloaded before import = 0
Number of asset objects unloaded after import = 0
========================================================================
Received Import Request.
  Time since last request: 0.381789 seconds.
  path: Assets/CultureSeoulStation284/Meshes
  artifactKey: Guid(d5d633562d125164b8a58ed4ff9a4ccb) Importer(815301076,1909f56bfc062723c751e8b465ee728b)
Start importing Assets/CultureSeoulStation284/Meshes using Guid(d5d633562d125164b8a58ed4ff9a4ccb) Importer(815301076,1909f56bfc062723c751e8b465ee728b)  -> (artifact id: '7e7516f68920e7bec91cfb1e3546651f') in 0.000349 seconds
Number of updated asset objects reloaded before import = 0
Number of asset objects unloaded after import = 0
========================================================================
Received Import Request.
  Time since last request: 0.992194 seconds.
  path: Assets/CultureSeoulStation284/GLTFUtility-master
  artifactKey: Guid(a39fa59a37e2d7c4e8218b9408e80bb2) Importer(815301076,1909f56bfc062723c751e8b465ee728b)
Start importing Assets/CultureSeoulStation284/GLTFUtility-master using Guid(a39fa59a37e2d7c4e8218b9408e80bb2) Importer(815301076,1909f56bfc062723c751e8b465ee728b)  -> (artifact id: '206bd771040ad354d54e123eb8b36cac') in 0.000343 seconds
Number of updated asset objects reloaded before import = 0
Number of asset objects unloaded after import = 0
========================================================================
Received Import Request.
  Time since last request: 25.208407 seconds.
  path: Assets/hintze_hall.glb
  artifactKey: Guid(edc3fea54ad80c540a47b3948bdfccce) Importer(815301076,1909f56bfc062723c751e8b465ee728b)
Start importing Assets/hintze_hall.glb using Guid(edc3fea54ad80c540a47b3948bdfccce) Importer(815301076,1909f56bfc062723c751e8b465ee728b)  -> (artifact id: '36d756abcaa433c81ebc8607bda3726e') in 0.000721 seconds
Number of updated asset objects reloaded before import = 0
Number of asset objects unloaded after import = 1
========================================================================
Received Import Request.
  Time since last request: 12.489652 seconds.
  path: Assets/GLTFUtility-master/GLTFUtility.asmdef
  artifactKey: Guid(774f0e7b520e24644b448f5ac7fa5d94) Importer(815301076,1909f56bfc062723c751e8b465ee728b)
Start importing Assets/GLTFUtility-master/GLTFUtility.asmdef using Guid(774f0e7b520e24644b448f5ac7fa5d94) Importer(815301076,1909f56bfc062723c751e8b465ee728b)  -> (artifact id: '3c2a3307c66129699073e436a1769011') in 0.000362 seconds
Number of updated asset objects reloaded before import = 0
Number of asset objects unloaded after import = 0
========================================================================
Received Import Request.
  Time since last request: 31.419482 seconds.
  path: Assets/GLTFUtility-master/Scripts
  artifactKey: Guid(1a53c6d71b38ddd45974d563dc47f847) Importer(815301076,1909f56bfc062723c751e8b465ee728b)
Start importing Assets/GLTFUtility-master/Scripts using Guid(1a53c6d71b38ddd45974d563dc47f847) Importer(815301076,1909f56bfc062723c751e8b465ee728b)  -> (artifact id: '63c123514f26f1df160fd4a07aec2704') in 0.000349 seconds
Number of updated asset objects reloaded before import = 0
Number of asset objects unloaded after import = 0
========================================================================
Received Import Request.
  Time since last request: 60.337468 seconds.
  path: Assets/GLTFUtility-master/LICENSE.md
  artifactKey: Guid(ca65d0aa5bb2e65498951bbd71d21ace) Importer(815301076,1909f56bfc062723c751e8b465ee728b)
Start importing Assets/GLTFUtility-master/LICENSE.md using Guid(ca65d0aa5bb2e65498951bbd71d21ace) Importer(815301076,1909f56bfc062723c751e8b465ee728b)  -> (artifact id: 'be38fdc30bf4dc22877f291b7eb641dc') in 0.000804 seconds
Number of updated asset objects reloaded before import = 0
Number of asset objects unloaded after import = 1
========================================================================
Received Import Request.
  Time since last request: 0.484866 seconds.
  path: Assets/GLTFUtility-master/package.json
  artifactKey: Guid(3e1e5597138079f40bc737a8a2556654) Importer(815301076,1909f56bfc062723c751e8b465ee728b)
Start importing Assets/GLTFUtility-master/package.json using Guid(3e1e5597138079f40bc737a8a2556654) Importer(815301076,1909f56bfc062723c751e8b465ee728b)  -> (artifact id: 'ae848cc3b906ff6cbb2162f0cc94ccef') in 0.000691 seconds
Number of updated asset objects reloaded before import = 0
Number of asset objects unloaded after import = 1
========================================================================
Received Import Request.
  Time since last request: 1.240656 seconds.
  path: Assets/GLTFUtility-master/README.md
  artifactKey: Guid(a375268139388f44fa7e4f7cc8f8729d) Importer(815301076,1909f56bfc062723c751e8b465ee728b)
Start importing Assets/GLTFUtility-master/README.md using Guid(a375268139388f44fa7e4f7cc8f8729d) Importer(815301076,1909f56bfc062723c751e8b465ee728b)  -> (artifact id: 'a3ce68e59029104e0eece4c003928832') in 0.000696 seconds
Number of updated asset objects reloaded before import = 0
Number of asset objects unloaded after import = 1
========================================================================
Received Import Request.
  Time since last request: 2.821386 seconds.
  path: Assets/GLTFUtility-master/Plugins
  artifactKey: Guid(f283c8997fa8bd642a4f133b1578d516) Importer(815301076,1909f56bfc062723c751e8b465ee728b)
Start importing Assets/GLTFUtility-master/Plugins using Guid(f283c8997fa8bd642a4f133b1578d516) Importer(815301076,1909f56bfc062723c751e8b465ee728b)  -> (artifact id: '905cf992827494e98435a9666b9fa9ba') in 0.000348 seconds
Number of updated asset objects reloaded before import = 0
Number of asset objects unloaded after import = 0
========================================================================
Received Import Request.
  Time since last request: 0.805925 seconds.
  path: Assets/GLTFUtility-master/Materials
  artifactKey: Guid(a2fe38d9088987d48b9638b57e27df0c) Importer(815301076,1909f56bfc062723c751e8b465ee728b)
Start importing Assets/GLTFUtility-master/Materials using Guid(a2fe38d9088987d48b9638b57e27df0c) Importer(815301076,1909f56bfc062723c751e8b465ee728b)  -> (artifact id: '7334b5c2589c35c41b930f476f1aa169') in 0.000353 seconds
Number of updated asset objects reloaded before import = 0
Number of asset objects unloaded after import = 0
========================================================================
Received Import Request.
  Time since last request: 231.059195 seconds.
  path: Assets/hintze_hall 1.glb
  artifactKey: Guid(449726b17e1572b4c9cdf777e612f8f9) Importer(815301076,1909f56bfc062723c751e8b465ee728b)
Start importing Assets/hintze_hall 1.glb using Guid(449726b17e1572b4c9cdf777e612f8f9) Importer(815301076,1909f56bfc062723c751e8b465ee728b)  -> (artifact id: 'c40271b4cdb573e1dced997c55690e46') in 0.000970 seconds
Number of updated asset objects reloaded before import = 0
Number of asset objects unloaded after import = 1
========================================================================
Received Import Request.
  Time since last request: 132.753164 seconds.
  path: Assets/GLTFUtility-master/hintze_hall.glb
  artifactKey: Guid(d7ca5063c0cfe734db622931b69bdeb9) Importer(815301076,1909f56bfc062723c751e8b465ee728b)
Start importing Assets/GLTFUtility-master/hintze_hall.glb using Guid(d7ca5063c0cfe734db622931b69bdeb9) Importer(815301076,1909f56bfc062723c751e8b465ee728b)  -> (artifact id: 'b179ad343d798eb2de959c1eb2e03fbb') in 0.000885 seconds
Number of updated asset objects reloaded before import = 0
Number of asset objects unloaded after import = 1
