Using pre-set license
Built from '2022.3/staging' branch; Version is '2022.3.22f1 (887be4894c44) revision 8944612'; Using compiler version '192829333'; Build Type 'Release'
OS: 'Windows 10  (10.0.19045) 64bit Professional' Language: 'ko' Physical Memory: 15557 MB
BatchMode: 1, IsHumanControllingUs: 0, StartBugReporterOnCrash: 0, Is64bit: 1, IsPro: 1

COMMAND LINE ARGUMENTS:
C:\Program Files\Unity\Hub\Editor\2022.3.22f1\Editor\Unity.exe
-adb2
-batchMode
-noUpm
-name
AssetImportWorker0
-projectPath
C:/Users/kimsueun/Documents/GitHub/2025KHUTON
-logFile
Logs/AssetImportWorker0.log
-srvPort
55416
Successfully changed project path to: C:/Users/kimsueun/Documents/GitHub/2025KHUTON
C:/Users/kimsueun/Documents/GitHub/2025KHUTON
[UnityMemory] Configuration Parameters - Can be set up in boot.config
    "memorysetup-bucket-allocator-granularity=16"
    "memorysetup-bucket-allocator-bucket-count=8"
    "memorysetup-bucket-allocator-block-size=33554432"
    "memorysetup-bucket-allocator-block-count=8"
    "memorysetup-main-allocator-block-size=16777216"
    "memorysetup-thread-allocator-block-size=16777216"
    "memorysetup-gfx-main-allocator-block-size=16777216"
    "memorysetup-gfx-thread-allocator-block-size=16777216"
    "memorysetup-cache-allocator-block-size=4194304"
    "memorysetup-typetree-allocator-block-size=2097152"
    "memorysetup-profiler-bucket-allocator-granularity=16"
    "memorysetup-profiler-bucket-allocator-bucket-count=8"
    "memorysetup-profiler-bucket-allocator-block-size=33554432"
    "memorysetup-profiler-bucket-allocator-block-count=8"
    "memorysetup-profiler-allocator-block-size=16777216"
    "memorysetup-profiler-editor-allocator-block-size=1048576"
    "memorysetup-temp-allocator-size-main=16777216"
    "memorysetup-job-temp-allocator-block-size=2097152"
    "memorysetup-job-temp-allocator-block-size-background=1048576"
    "memorysetup-job-temp-allocator-reduction-small-platforms=262144"
    "memorysetup-allocator-temp-initial-block-size-main=262144"
    "memorysetup-allocator-temp-initial-block-size-worker=262144"
    "memorysetup-temp-allocator-size-background-worker=32768"
    "memorysetup-temp-allocator-size-job-worker=262144"
    "memorysetup-temp-allocator-size-preload-manager=33554432"
    "memorysetup-temp-allocator-size-nav-mesh-worker=65536"
    "memorysetup-temp-allocator-size-audio-worker=65536"
    "memorysetup-temp-allocator-size-cloud-worker=32768"
    "memorysetup-temp-allocator-size-gi-baking-worker=262144"
    "memorysetup-temp-allocator-size-gfx=262144"
Player connection [17068] Host "[IP] 26.34.84.42 [Port] 0 [Flags] 2 [Guid] 1369992848 [EditorId] 1369992848 [Version] 1048832 [Id] WindowsEditor(7,DESKTOP-RJ9HUF7) [Debug] 1 [PackageName] WindowsEditor [ProjectName] Editor" joined multi-casting on [225.0.0.222:54997]...

Player connection [17068] Host "[IP] 26.34.84.42 [Port] 0 [Flags] 2 [Guid] 1369992848 [EditorId] 1369992848 [Version] 1048832 [Id] WindowsEditor(7,DESKTOP-RJ9HUF7) [Debug] 1 [PackageName] WindowsEditor [ProjectName] Editor" joined alternative multi-casting on [225.0.0.222:34997]...

[Physics::Module] Initialized MultithreadedJobDispatcher with 15 workers.
Refreshing native plugins compatible for Editor in 25.24 ms, found 3 plugins.
Preloading 0 native plugins for Editor in 0.00 ms.
Initialize engine version: 2022.3.22f1 (887be4894c44)
[Subsystems] Discovering subsystems at path C:/Program Files/Unity/Hub/Editor/2022.3.22f1/Editor/Data/Resources/UnitySubsystems
[Subsystems] Discovering subsystems at path C:/Users/kimsueun/Documents/GitHub/2025KHUTON/Assets
GfxDevice: creating device client; threaded=0; jobified=0
Direct3D:
    Version:  Direct3D 11.0 [level 11.1]
    Renderer: NVIDIA GeForce RTX 3060 Laptop GPU (ID=0x2560)
    Vendor:   NVIDIA
    VRAM:     5996 MB
    Driver:   31.0.15.5178
Initialize mono
Mono path[0] = 'C:/Program Files/Unity/Hub/Editor/2022.3.22f1/Editor/Data/Managed'
Mono path[1] = 'C:/Program Files/Unity/Hub/Editor/2022.3.22f1/Editor/Data/MonoBleedingEdge/lib/mono/unityjit-win32'
Mono config path = 'C:/Program Files/Unity/Hub/Editor/2022.3.22f1/Editor/Data/MonoBleedingEdge/etc'
Using monoOptions --debugger-agent=transport=dt_socket,embedding=1,server=y,suspend=n,address=127.0.0.1:56484
Begin MonoManager ReloadAssembly
Registering precompiled unity dll's ...
Register platform support module: C:/Program Files/Unity/Hub/Editor/2022.3.22f1/Editor/Data/PlaybackEngines/WindowsStandaloneSupport/UnityEditor.WindowsStandalone.Extensions.dll
Registered in 0.027085 seconds.
- Loaded All Assemblies, in  0.787 seconds
Native extension for WindowsStandalone target not found
Mono: successfully reloaded assembly
- Finished resetting the current domain, in  0.639 seconds
Domain Reload Profiling: 1422ms
	BeginReloadAssembly (275ms)
		ExecutionOrderSort (0ms)
		DisableScriptedObjects (0ms)
		BackupInstance (0ms)
		ReleaseScriptingObjects (0ms)
		CreateAndSetChildDomain (1ms)
	RebuildCommonClasses (77ms)
	RebuildNativeTypeToScriptingClass (23ms)
	initialDomainReloadingComplete (134ms)
	LoadAllAssembliesAndSetupDomain (274ms)
		LoadAssemblies (267ms)
		RebuildTransferFunctionScriptingTraits (0ms)
		AnalyzeDomain (269ms)
			TypeCache.Refresh (265ms)
				TypeCache.ScanAssembly (237ms)
			ScanForSourceGeneratedMonoScriptInfo (1ms)
			ResolveRequiredComponents (1ms)
	FinalizeReload (640ms)
		ReleaseScriptCaches (0ms)
		RebuildScriptCaches (0ms)
		SetupLoadedEditorAssemblies (497ms)
			LogAssemblyErrors (0ms)
			InitializePlatformSupportModulesInManaged (19ms)
			SetLoadedEditorAssemblies (17ms)
			RefreshPlugins (0ms)
			BeforeProcessingInitializeOnLoad (3ms)
			ProcessInitializeOnLoadAttributes (337ms)
			ProcessInitializeOnLoadMethodAttributes (119ms)
			AfterProcessingInitializeOnLoad (0ms)
			EditorAssembliesLoaded (0ms)
		ExecutionOrderSort2 (0ms)
		AwakeInstancesAfterBackupRestoration (0ms)
========================================================================
Worker process is ready to serve import requests
Begin MonoManager ReloadAssembly
- Loaded All Assemblies, in  1.297 seconds
Refreshing native plugins compatible for Editor in 10.19 ms, found 3 plugins.
Native extension for WindowsStandalone target not found
Mono: successfully reloaded assembly
- Finished resetting the current domain, in  1.247 seconds
Domain Reload Profiling: 2534ms
	BeginReloadAssembly (307ms)
		ExecutionOrderSort (0ms)
		DisableScriptedObjects (10ms)
		BackupInstance (0ms)
		ReleaseScriptingObjects (0ms)
		CreateAndSetChildDomain (35ms)
	RebuildCommonClasses (77ms)
	RebuildNativeTypeToScriptingClass (20ms)
	initialDomainReloadingComplete (108ms)
	LoadAllAssembliesAndSetupDomain (774ms)
		LoadAssemblies (614ms)
		RebuildTransferFunctionScriptingTraits (0ms)
		AnalyzeDomain (365ms)
			TypeCache.Refresh (324ms)
				TypeCache.ScanAssembly (299ms)
			ScanForSourceGeneratedMonoScriptInfo (27ms)
			ResolveRequiredComponents (10ms)
	FinalizeReload (1249ms)
		ReleaseScriptCaches (0ms)
		RebuildScriptCaches (0ms)
		SetupLoadedEditorAssemblies (922ms)
			LogAssemblyErrors (0ms)
			InitializePlatformSupportModulesInManaged (12ms)
			SetLoadedEditorAssemblies (8ms)
			RefreshPlugins (0ms)
			BeforeProcessingInitializeOnLoad (126ms)
			ProcessInitializeOnLoadAttributes (692ms)
			ProcessInitializeOnLoadMethodAttributes (54ms)
			AfterProcessingInitializeOnLoad (29ms)
			EditorAssembliesLoaded (0ms)
		ExecutionOrderSort2 (0ms)
		AwakeInstancesAfterBackupRestoration (44ms)
Launched and connected shader compiler UnityShaderCompiler.exe after 0.09 seconds
Refreshing native plugins compatible for Editor in 8.91 ms, found 3 plugins.
Preloading 0 native plugins for Editor in 0.00 ms.
Unloading 3135 Unused Serialized files (Serialized files now loaded: 0)
Unloading 33 unused Assets / (57.1 KB). Loaded Objects now: 3596.
Memory consumption went from 124.5 MB to 124.4 MB.
Total: 7.116600 ms (FindLiveObjects: 0.655700 ms CreateObjectMapping: 0.439400 ms MarkObjects: 5.877800 ms  DeleteObjects: 0.142300 ms)

AssetImportParameters requested are different than current active one (requested -> active):
  custom:container-demuxer-ogg: 62fdf1f143b41e24485cea50d1cbac27 -> 
  custom:video-decoder-ogg-theora: a1e56fd34408186e4bbccfd4996cb3dc -> 
  custom:framework-win-MediaFoundation: 216162199b28c13a410421893ffa2e32 -> 
  custom:CustomObjectIndexerAttribute: 9a22284fe3817be447336de3de66b15e -> 
  custom:container-demuxer-webm: 4f35f7cbe854078d1ac9338744f61a02 -> 
  custom:container-muxer-webm: aa71ff27fc2769a1b78a27578f13a17b -> 
  custom:video-decoder-webm-vp8: 9c59270c3fd7afecdb556c50c9e8de78 -> 
  custom:SearchIndexIgnoredProperties: e643bd26f0fe6173181afceb89e7c659 -> 
  custom:AudioImporter_EditorPlatform: d09bf68614088b80899f8185d706f6e7 -> 
  custom:video-encoder-webm-vp8: eb34c28f22e8b96e1ab97ce403110664 -> 
  custom:audio-decoder-ogg-vorbis: bf7c407c2cedff20999df2af8eb42d56 -> 
  custom:audio-encoder-webm-vorbis: bf7c407c2cedff20999df2af8eb42d56 -> 
========================================================================
Received Import Request.
  Time since last request: 4200.176603 seconds.
  path: Assets/farm-tools-0/source
  artifactKey: Guid(d9ac377bddd0bae44ac26b76afa2b7f9) Importer(815301076,1909f56bfc062723c751e8b465ee728b)
Start importing Assets/farm-tools-0/source using Guid(d9ac377bddd0bae44ac26b76afa2b7f9) Importer(815301076,1909f56bfc062723c751e8b465ee728b)  -> (artifact id: 'e197eae7fe7ea019781533cc81016998') in 0.003413 seconds
Number of updated asset objects reloaded before import = 0
Number of asset objects unloaded after import = 0
========================================================================
Received Import Request.
  Time since last request: 0.000027 seconds.
  path: Assets/farm-tools-0/source/model/textures/DefaultMaterial_albedo.jpg
  artifactKey: Guid(75a855d8d3975904f83d73e44c85f2d1) Importer(815301076,1909f56bfc062723c751e8b465ee728b)
Start importing Assets/farm-tools-0/source/model/textures/DefaultMaterial_albedo.jpg using Guid(75a855d8d3975904f83d73e44c85f2d1) Importer(815301076,1909f56bfc062723c751e8b465ee728b)  -> (artifact id: '65d0e0ecc98e8237b5209926103e850c') in 0.139160 seconds
Number of updated asset objects reloaded before import = 0
Number of asset objects unloaded after import = 2
========================================================================
Received Import Request.
  Time since last request: 0.000029 seconds.
  path: Assets/farm-tools-0/source/model/textures/DefaultMaterial_AO.jpg
  artifactKey: Guid(16624a6f68996744c82153b230fdf471) Importer(815301076,1909f56bfc062723c751e8b465ee728b)
Start importing Assets/farm-tools-0/source/model/textures/DefaultMaterial_AO.jpg using Guid(16624a6f68996744c82153b230fdf471) Importer(815301076,1909f56bfc062723c751e8b465ee728b)  -> (artifact id: 'cb7c5ef31b79227f917513249f272fd2') in 0.029225 seconds
Number of updated asset objects reloaded before import = 0
Number of asset objects unloaded after import = 2
========================================================================
Received Import Request.
  Time since last request: 0.000027 seconds.
  path: Assets/farm-tools-0
  artifactKey: Guid(c8cc814791260894db25087af465b1cc) Importer(815301076,1909f56bfc062723c751e8b465ee728b)
Start importing Assets/farm-tools-0 using Guid(c8cc814791260894db25087af465b1cc) Importer(815301076,1909f56bfc062723c751e8b465ee728b)  -> (artifact id: '1aee7a3958de4c705345829fc5f2df85') in 0.000959 seconds
Number of updated asset objects reloaded before import = 0
Number of asset objects unloaded after import = 0
========================================================================
Received Import Request.
  Time since last request: 0.000025 seconds.
  path: Assets/farm-tools-0/source/model/textures
  artifactKey: Guid(b1bffbe5842c9cb4db3026630cfa9ac8) Importer(815301076,1909f56bfc062723c751e8b465ee728b)
Start importing Assets/farm-tools-0/source/model/textures using Guid(b1bffbe5842c9cb4db3026630cfa9ac8) Importer(815301076,1909f56bfc062723c751e8b465ee728b)  -> (artifact id: '8507f3d4735d2a078b14f72b66552f6a') in 0.000875 seconds
Number of updated asset objects reloaded before import = 0
Number of asset objects unloaded after import = 0
========================================================================
Received Import Request.
  Time since last request: 0.028556 seconds.
  path: Assets/farm-tools-0/textures/DefaultMaterial_albedo.jpeg
  artifactKey: Guid(4171dae4a9bc6954f97b39542d9e6829) Importer(815301076,1909f56bfc062723c751e8b465ee728b)
Start importing Assets/farm-tools-0/textures/DefaultMaterial_albedo.jpeg using Guid(4171dae4a9bc6954f97b39542d9e6829) Importer(815301076,1909f56bfc062723c751e8b465ee728b)  -> (artifact id: '073fcbe26245ba828ea78ec92d8c65d2') in 0.030828 seconds
Number of updated asset objects reloaded before import = 0
Number of asset objects unloaded after import = 2
========================================================================
Received Import Request.
  Time since last request: 0.000032 seconds.
  path: Assets/farm-tools-0/textures/DefaultMaterial_metallic.jpeg
  artifactKey: Guid(ec9668fc0bd114e4eb5af68775cceb7c) Importer(815301076,1909f56bfc062723c751e8b465ee728b)
Start importing Assets/farm-tools-0/textures/DefaultMaterial_metallic.jpeg using Guid(ec9668fc0bd114e4eb5af68775cceb7c) Importer(815301076,1909f56bfc062723c751e8b465ee728b)  -> (artifact id: '9a97c274059bd0eebcbd9ccb26524c35') in 0.011244 seconds
Number of updated asset objects reloaded before import = 0
Number of asset objects unloaded after import = 2
========================================================================
Received Import Request.
  Time since last request: 0.000043 seconds.
  path: Assets/farm-tools-0/textures/DefaultMaterial_roughness.jpeg
  artifactKey: Guid(98fca09372dd3bc43bc97461c99ad94e) Importer(815301076,1909f56bfc062723c751e8b465ee728b)
Start importing Assets/farm-tools-0/textures/DefaultMaterial_roughness.jpeg using Guid(98fca09372dd3bc43bc97461c99ad94e) Importer(815301076,1909f56bfc062723c751e8b465ee728b)  -> (artifact id: '13314e4f82ca98baaa4a716500fd7c5f') in 0.030699 seconds
Number of updated asset objects reloaded before import = 0
Number of asset objects unloaded after import = 2
========================================================================
Received Import Request.
  Time since last request: 0.000027 seconds.
  path: Assets/farm-tools-0/textures/DefaultMaterial_normal.png
  artifactKey: Guid(f3b34d224751b244dbaf13b38e89fe99) Importer(815301076,1909f56bfc062723c751e8b465ee728b)
Start importing Assets/farm-tools-0/textures/DefaultMaterial_normal.png using Guid(f3b34d224751b244dbaf13b38e89fe99) Importer(815301076,1909f56bfc062723c751e8b465ee728b)  -> (artifact id: '32f6859471736e3f4b8af00c1fb94a67') in 0.029297 seconds
Number of updated asset objects reloaded before import = 0
Number of asset objects unloaded after import = 2
========================================================================
Received Import Request.
  Time since last request: 0.000027 seconds.
  path: Assets/farm-tools-0/textures/DefaultMaterial_AO.jpeg
  artifactKey: Guid(2c66a96fdb65de748b0bdb17bbc81fc5) Importer(815301076,1909f56bfc062723c751e8b465ee728b)
Start importing Assets/farm-tools-0/textures/DefaultMaterial_AO.jpeg using Guid(2c66a96fdb65de748b0bdb17bbc81fc5) Importer(815301076,1909f56bfc062723c751e8b465ee728b)  -> (artifact id: 'c36d66afd2185ca067ed13429f8932f3') in 0.024431 seconds
Number of updated asset objects reloaded before import = 0
Number of asset objects unloaded after import = 2
Editor requested this worker to shutdown with reason: Scaling down because of idle timeout
TcpMessagingSession - receive error: operation aborted. errorcode: 995, details: 스레드 종료 또는 응용 프로그램 요청 때문에 I/O 작업이 취소되었습니다.
AssetImportWorker is now disconnected from the server
Process exiting
Exiting without the bug reporter. Application will terminate with return code 0